17/mar./2023 02:22:56 WARN org.springframework.boot.autoconfigure.orm.jpa.JpaBaseConfiguration$JpaWebConfiguration [main] spring.jpa.open-in-view is enabled by default. Therefore, database queries may be performed during view rendering. Explicitly configure spring.jpa.open-in-view to disable this warning
17/mar./2023 02:22:57 INFO org.apache.juli.logging.DirectJDKLog [main] Starting ProtocolHandler ["http-nio-8080"]
17/mar./2023 02:22:57 INFO org.springframework.boot.web.embedded.tomcat.TomcatWebServer [main] Tomcat started on port(s): 8080 (http) with context path ''
17/mar./2023 02:22:57 INFO org.springframework.boot.StartupInfoLogger [main] Started TextOrganicerAppApplication in 5.03 seconds (JVM running for 6.517)
17/mar./2023 02:23:11 INFO org.apache.juli.logging.DirectJDKLog [http-nio-8080-exec-1] Initializing Spring DispatcherServlet 'dispatcherServlet'
17/mar./2023 02:23:11 INFO org.springframework.web.servlet.FrameworkServlet [http-nio-8080-exec-1] Initializing Servlet 'dispatcherServlet'
17/mar./2023 02:23:11 INFO org.springframework.web.servlet.FrameworkServlet [http-nio-8080-exec-1] Completed initialization in 1 ms
17/mar./2023 02:23:11 INFO com.textorganicer.controlador.UserController [http-nio-8080-exec-1] get a usuarios
17/mar./2023 02:30:40 INFO org.springframework.orm.jpa.AbstractEntityManagerFactoryBean [SpringApplicationShutdownHook] Closing JPA EntityManagerFactory for persistence unit 'default'
17/mar./2023 02:30:40 INFO com.zaxxer.hikari.HikariDataSource [SpringApplicationShutdownHook] HikariPool-1 - Shutdown initiated...
17/mar./2023 02:30:40 INFO com.zaxxer.hikari.HikariDataSource [SpringApplicationShutdownHook] HikariPool-1 - Shutdown completed.
17/mar./2023 02:30:45 INFO org.springframework.boot.StartupInfoLogger [main] Starting TextOrganicerAppApplication using Java 11.0.18 on NBOOT36 with PID 21724 (C:\Users\lmarenco\text-organicer-app\target\classes started by lmarenco in C:\Users\lmarenco\text-organicer-app)
17/mar./2023 02:30:45 INFO org.hibernate.validator.internal.util.Version [background-preinit] HV000001: Hibernate Validator 6.2.5.Final
17/mar./2023 02:30:45 INFO org.springframework.boot.SpringApplication [main] No active profile set, falling back to 1 default profile: "default"
17/mar./2023 02:30:45 INFO org.springframework.data.repository.config.RepositoryConfigurationDelegate [main] Bootstrapping Spring Data JPA repositories in DEFAULT mode.
17/mar./2023 02:30:45 INFO org.springframework.data.repository.config.RepositoryConfigurationDelegate [main] Finished Spring Data repository scanning in 55 ms. Found 5 JPA repository interfaces.
17/mar./2023 02:30:46 INFO org.springframework.boot.web.embedded.tomcat.TomcatWebServer [main] Tomcat initialized with port(s): 8080 (http)
17/mar./2023 02:30:46 INFO org.apache.juli.logging.DirectJDKLog [main] Initializing ProtocolHandler ["http-nio-8080"]
17/mar./2023 02:30:46 INFO org.apache.juli.logging.DirectJDKLog [main] Starting service [Tomcat]
17/mar./2023 02:30:46 INFO org.apache.juli.logging.DirectJDKLog [main] Starting Servlet engine: [Apache Tomcat/9.0.71]
17/mar./2023 02:30:46 INFO org.apache.juli.logging.DirectJDKLog [main] Initializing Spring embedded WebApplicationContext
17/mar./2023 02:30:46 INFO org.springframework.boot.web.servlet.context.ServletWebServerApplicationContext [main] Root WebApplicationContext: initialization completed in 1313 ms
17/mar./2023 02:30:46 INFO org.hibernate.jpa.internal.util.LogHelper [main] HHH000204: Processing PersistenceUnitInfo [name: default]
17/mar./2023 02:30:46 INFO org.hibernate.Version [main] HHH000412: Hibernate ORM core version 5.6.15.Final
17/mar./2023 02:30:46 INFO org.hibernate.annotations.common.reflection.java.JavaReflectionManager [main] HCANN000001: Hibernate Commons Annotations {5.1.2.Final}
17/mar./2023 02:30:46 INFO com.zaxxer.hikari.HikariDataSource [main] HikariPool-1 - Starting...
17/mar./2023 02:30:46 INFO com.zaxxer.hikari.HikariDataSource [main] HikariPool-1 - Start completed.
17/mar./2023 02:30:46 INFO org.hibernate.dialect.Dialect [main] HHH000400: Using dialect: org.hibernate.dialect.MySQL55Dialect
17/mar./2023 02:30:47 INFO org.hibernate.engine.transaction.jta.platform.internal.JtaPlatformInitiator [main] HHH000490: Using JtaPlatform implementation: [org.hibernate.engine.transaction.jta.platform.internal.NoJtaPlatform]
17/mar./2023 02:30:47 INFO org.springframework.orm.jpa.AbstractEntityManagerFactoryBean [main] Initialized JPA EntityManagerFactory for persistence unit 'default'
17/mar./2023 02:30:47 WARN org.springframework.boot.autoconfigure.orm.jpa.JpaBaseConfiguration$JpaWebConfiguration [main] spring.jpa.open-in-view is enabled by default. Therefore, database queries may be performed during view rendering. Explicitly configure spring.jpa.open-in-view to disable this warning
17/mar./2023 02:30:48 INFO org.apache.juli.logging.DirectJDKLog [main] Starting ProtocolHandler ["http-nio-8080"]
17/mar./2023 02:30:48 INFO org.springframework.boot.web.embedded.tomcat.TomcatWebServer [main] Tomcat started on port(s): 8080 (http) with context path ''
17/mar./2023 02:30:48 INFO org.springframework.boot.StartupInfoLogger [main] Started TextOrganicerAppApplication in 3.8 seconds (JVM running for 5.107)
17/mar./2023 02:30:51 INFO org.apache.juli.logging.DirectJDKLog [http-nio-8080-exec-1] Initializing Spring DispatcherServlet 'dispatcherServlet'
17/mar./2023 02:30:51 INFO org.springframework.web.servlet.FrameworkServlet [http-nio-8080-exec-1] Initializing Servlet 'dispatcherServlet'
17/mar./2023 02:30:51 INFO org.springframework.web.servlet.FrameworkServlet [http-nio-8080-exec-1] Completed initialization in 1 ms
17/mar./2023 02:30:51 INFO com.textorganicer.controlador.UserController [http-nio-8080-exec-1] get a usuarios
17/mar./2023 02:32:42 INFO com.textorganicer.controlador.UserController [http-nio-8080-exec-5] get a usuarios
17/mar./2023 02:34:07 INFO org.springframework.orm.jpa.AbstractEntityManagerFactoryBean [SpringApplicationShutdownHook] Closing JPA EntityManagerFactory for persistence unit 'default'
17/mar./2023 02:34:07 INFO com.zaxxer.hikari.HikariDataSource [SpringApplicationShutdownHook] HikariPool-1 - Shutdown initiated...
17/mar./2023 02:34:07 INFO com.zaxxer.hikari.HikariDataSource [SpringApplicationShutdownHook] HikariPool-1 - Shutdown completed.
17/mar./2023 02:34:11 INFO org.springframework.boot.StartupInfoLogger [main] Starting TextOrganicerAppApplication using Java 11.0.18 on NBOOT36 with PID 15560 (C:\Users\lmarenco\text-organicer-app\target\classes started by lmarenco in C:\Users\lmarenco\text-organicer-app)
17/mar./2023 02:34:11 INFO org.hibernate.validator.internal.util.Version [background-preinit] HV000001: Hibernate Validator 6.2.5.Final
17/mar./2023 02:34:11 INFO org.springframework.boot.SpringApplication [main] No active profile set, falling back to 1 default profile: "default"
17/mar./2023 02:34:13 INFO org.springframework.data.repository.config.RepositoryConfigurationDelegate [main] Bootstrapping Spring Data JPA repositories in DEFAULT mode.
17/mar./2023 02:34:13 INFO org.springframework.data.repository.config.RepositoryConfigurationDelegate [main] Finished Spring Data repository scanning in 81 ms. Found 5 JPA repository interfaces.
17/mar./2023 02:34:13 INFO org.springframework.boot.web.embedded.tomcat.TomcatWebServer [main] Tomcat initialized with port(s): 8080 (http)
17/mar./2023 02:34:13 INFO org.apache.juli.logging.DirectJDKLog [main] Initializing ProtocolHandler ["http-nio-8080"]
17/mar./2023 02:34:13 INFO org.apache.juli.logging.DirectJDKLog [main] Starting service [Tomcat]
17/mar./2023 02:34:13 INFO org.apache.juli.logging.DirectJDKLog [main] Starting Servlet engine: [Apache Tomcat/9.0.71]
17/mar./2023 02:34:13 INFO org.apache.juli.logging.DirectJDKLog [main] Initializing Spring embedded WebApplicationContext
17/mar./2023 02:34:13 INFO org.springframework.boot.web.servlet.context.ServletWebServerApplicationContext [main] Root WebApplicationContext: initialization completed in 1868 ms
17/mar./2023 02:34:13 INFO org.hibernate.jpa.internal.util.LogHelper [main] HHH000204: Processing PersistenceUnitInfo [name: default]
17/mar./2023 02:34:13 INFO org.hibernate.Version [main] HHH000412: Hibernate ORM core version 5.6.15.Final
17/mar./2023 02:34:13 INFO org.hibernate.annotations.common.reflection.java.JavaReflectionManager [main] HCANN000001: Hibernate Commons Annotations {5.1.2.Final}
17/mar./2023 02:34:14 INFO com.zaxxer.hikari.HikariDataSource [main] HikariPool-1 - Starting...
17/mar./2023 02:34:14 INFO com.zaxxer.hikari.HikariDataSource [main] HikariPool-1 - Start completed.
17/mar./2023 02:34:14 INFO org.hibernate.dialect.Dialect [main] HHH000400: Using dialect: org.hibernate.dialect.MySQL55Dialect
17/mar./2023 02:34:15 INFO org.hibernate.engine.transaction.jta.platform.internal.JtaPlatformInitiator [main] HHH000490: Using JtaPlatform implementation: [org.hibernate.engine.transaction.jta.platform.internal.NoJtaPlatform]
17/mar./2023 02:34:15 INFO org.springframework.orm.jpa.AbstractEntityManagerFactoryBean [main] Initialized JPA EntityManagerFactory for persistence unit 'default'
17/mar./2023 02:34:15 WARN org.springframework.boot.autoconfigure.orm.jpa.JpaBaseConfiguration$JpaWebConfiguration [main] spring.jpa.open-in-view is enabled by default. Therefore, database queries may be performed during view rendering. Explicitly configure spring.jpa.open-in-view to disable this warning
17/mar./2023 02:34:15 INFO org.apache.juli.logging.DirectJDKLog [main] Starting ProtocolHandler ["http-nio-8080"]
17/mar./2023 02:34:16 INFO org.springframework.boot.web.embedded.tomcat.TomcatWebServer [main] Tomcat started on port(s): 8080 (http) with context path ''
17/mar./2023 02:34:16 INFO org.springframework.boot.StartupInfoLogger [main] Started TextOrganicerAppApplication in 4.899 seconds (JVM running for 6.384)
17/mar./2023 02:34:30 INFO org.apache.juli.logging.DirectJDKLog [http-nio-8080-exec-2] Initializing Spring DispatcherServlet 'dispatcherServlet'
17/mar./2023 02:34:30 INFO org.springframework.web.servlet.FrameworkServlet [http-nio-8080-exec-2] Initializing Servlet 'dispatcherServlet'
17/mar./2023 02:34:30 INFO org.springframework.web.servlet.FrameworkServlet [http-nio-8080-exec-2] Completed initialization in 1 ms
17/mar./2023 02:34:30 INFO com.textorganicer.controlador.UserController [http-nio-8080-exec-2] get a usuarios
17/mar./2023 02:34:54 INFO com.textorganicer.controlador.UserController [http-nio-8080-exec-3] get a usuarios
