19/mar./2023 04:11:32 INFO org.springframework.boot.StartupInfoLogger [main] Starting TextOrganicerAppApplication using Java 11.0.18 on NBOOT36 with PID 19652 (C:\Users\lmarenco\text-organicer-app\target\classes started by lmarenco in C:\Users\lmarenco\text-organicer-app)
19/mar./2023 04:11:32 INFO org.hibernate.validator.internal.util.Version [background-preinit] HV000001: Hibernate Validator 6.2.5.Final
19/mar./2023 04:11:32 INFO org.springframework.boot.SpringApplication [main] No active profile set, falling back to 1 default profile: "default"
19/mar./2023 04:11:33 INFO org.springframework.data.repository.config.RepositoryConfigurationDelegate [main] Bootstrapping Spring Data JPA repositories in DEFAULT mode.
19/mar./2023 04:11:33 INFO org.springframework.data.repository.config.RepositoryConfigurationDelegate [main] Finished Spring Data repository scanning in 93 ms. Found 5 JPA repository interfaces.
19/mar./2023 04:11:34 INFO org.springframework.boot.web.embedded.tomcat.TomcatWebServer [main] Tomcat initialized with port(s): 8080 (http)
19/mar./2023 04:11:34 INFO org.apache.juli.logging.DirectJDKLog [main] Initializing ProtocolHandler ["http-nio-8080"]
19/mar./2023 04:11:34 INFO org.apache.juli.logging.DirectJDKLog [main] Starting service [Tomcat]
19/mar./2023 04:11:34 INFO org.apache.juli.logging.DirectJDKLog [main] Starting Servlet engine: [Apache Tomcat/9.0.71]
19/mar./2023 04:11:34 INFO org.apache.juli.logging.DirectJDKLog [main] Initializing Spring embedded WebApplicationContext
19/mar./2023 04:11:34 INFO org.springframework.boot.web.servlet.context.ServletWebServerApplicationContext [main] Root WebApplicationContext: initialization completed in 1846 ms
19/mar./2023 04:11:34 INFO org.hibernate.jpa.internal.util.LogHelper [main] HHH000204: Processing PersistenceUnitInfo [name: default]
19/mar./2023 04:11:34 INFO org.hibernate.Version [main] HHH000412: Hibernate ORM core version 5.6.15.Final
19/mar./2023 04:11:34 INFO org.hibernate.annotations.common.reflection.java.JavaReflectionManager [main] HCANN000001: Hibernate Commons Annotations {5.1.2.Final}
19/mar./2023 04:11:34 INFO com.zaxxer.hikari.HikariDataSource [main] HikariPool-1 - Starting...
19/mar./2023 04:11:35 INFO com.zaxxer.hikari.HikariDataSource [main] HikariPool-1 - Start completed.
19/mar./2023 04:11:35 INFO org.hibernate.dialect.Dialect [main] HHH000400: Using dialect: org.hibernate.dialect.MySQL55Dialect
19/mar./2023 04:11:35 INFO org.hibernate.engine.transaction.jta.platform.internal.JtaPlatformInitiator [main] HHH000490: Using JtaPlatform implementation: [org.hibernate.engine.transaction.jta.platform.internal.NoJtaPlatform]
19/mar./2023 04:11:35 INFO org.springframework.orm.jpa.AbstractEntityManagerFactoryBean [main] Initialized JPA EntityManagerFactory for persistence unit 'default'
19/mar./2023 04:11:36 WARN org.springframework.boot.autoconfigure.orm.jpa.JpaBaseConfiguration$JpaWebConfiguration [main] spring.jpa.open-in-view is enabled by default. Therefore, database queries may be performed during view rendering. Explicitly configure spring.jpa.open-in-view to disable this warning
19/mar./2023 04:11:36 INFO org.apache.juli.logging.DirectJDKLog [main] Starting ProtocolHandler ["http-nio-8080"]
19/mar./2023 04:11:36 INFO org.springframework.boot.web.embedded.tomcat.TomcatWebServer [main] Tomcat started on port(s): 8080 (http) with context path ''
19/mar./2023 04:11:37 INFO org.springframework.boot.StartupInfoLogger [main] Started TextOrganicerAppApplication in 4.951 seconds (JVM running for 9.302)
19/mar./2023 06:10:02 INFO org.apache.juli.logging.DirectJDKLog [http-nio-8080-exec-1] Initializing Spring DispatcherServlet 'dispatcherServlet'
19/mar./2023 06:10:02 INFO org.springframework.web.servlet.FrameworkServlet [http-nio-8080-exec-1] Initializing Servlet 'dispatcherServlet'
19/mar./2023 06:10:02 INFO org.springframework.web.servlet.FrameworkServlet [http-nio-8080-exec-1] Completed initialization in 29 ms
