03/abr./2023 11:17:52 INFO org.springframework.boot.StartupInfoLogger [main] Starting TextOrganicerAppApplication using Java 11.0.18 on NBOOT36 with PID 13576 (C:\Users\lmarenco\text-organicer-app\target\classes started by lmarenco in C:\Users\lmarenco\text-organicer-app)
03/abr./2023 11:17:52 INFO org.hibernate.validator.internal.util.Version [background-preinit] HV000001: Hibernate Validator 6.2.5.Final
03/abr./2023 11:17:52 INFO org.springframework.boot.SpringApplication [main] No active profile set, falling back to 1 default profile: "default"
03/abr./2023 11:17:55 INFO org.springframework.data.repository.config.RepositoryConfigurationDelegate [main] Bootstrapping Spring Data JPA repositories in DEFAULT mode.
03/abr./2023 11:17:55 INFO org.springframework.data.repository.config.RepositoryConfigurationDelegate [main] Finished Spring Data repository scanning in 136 ms. Found 5 JPA repository interfaces.
03/abr./2023 11:17:56 INFO org.springframework.boot.web.embedded.tomcat.TomcatWebServer [main] Tomcat initialized with port(s): 8080 (http)
03/abr./2023 11:17:56 INFO org.apache.juli.logging.DirectJDKLog [main] Initializing ProtocolHandler ["http-nio-8080"]
03/abr./2023 11:17:56 INFO org.apache.juli.logging.DirectJDKLog [main] Starting service [Tomcat]
03/abr./2023 11:17:56 INFO org.apache.juli.logging.DirectJDKLog [main] Starting Servlet engine: [Apache Tomcat/9.0.71]
03/abr./2023 11:17:56 INFO org.apache.juli.logging.DirectJDKLog [main] Initializing Spring embedded WebApplicationContext
03/abr./2023 11:17:56 INFO org.springframework.boot.web.servlet.context.ServletWebServerApplicationContext [main] Root WebApplicationContext: initialization completed in 4324 ms
03/abr./2023 11:17:56 INFO org.hibernate.jpa.internal.util.LogHelper [main] HHH000204: Processing PersistenceUnitInfo [name: default]
03/abr./2023 11:17:56 INFO org.hibernate.Version [main] HHH000412: Hibernate ORM core version 5.6.15.Final
03/abr./2023 11:17:57 INFO org.hibernate.annotations.common.reflection.java.JavaReflectionManager [main] HCANN000001: Hibernate Commons Annotations {5.1.2.Final}
03/abr./2023 11:17:57 INFO com.zaxxer.hikari.HikariDataSource [main] HikariPool-1 - Starting...
03/abr./2023 11:17:57 INFO com.zaxxer.hikari.HikariDataSource [main] HikariPool-1 - Start completed.
03/abr./2023 11:17:57 INFO org.hibernate.dialect.Dialect [main] HHH000400: Using dialect: org.hibernate.dialect.MySQL55Dialect
03/abr./2023 11:17:58 INFO org.hibernate.engine.transaction.jta.platform.internal.JtaPlatformInitiator [main] HHH000490: Using JtaPlatform implementation: [org.hibernate.engine.transaction.jta.platform.internal.NoJtaPlatform]
03/abr./2023 11:17:58 INFO org.springframework.orm.jpa.AbstractEntityManagerFactoryBean [main] Initialized JPA EntityManagerFactory for persistence unit 'default'
03/abr./2023 11:17:59 WARN org.springframework.boot.autoconfigure.orm.jpa.JpaBaseConfiguration$JpaWebConfiguration [main] spring.jpa.open-in-view is enabled by default. Therefore, database queries may be performed during view rendering. Explicitly configure spring.jpa.open-in-view to disable this warning
03/abr./2023 11:18:00 INFO org.apache.juli.logging.DirectJDKLog [main] Starting ProtocolHandler ["http-nio-8080"]
03/abr./2023 11:18:00 INFO org.springframework.boot.web.embedded.tomcat.TomcatWebServer [main] Tomcat started on port(s): 8080 (http) with context path ''
03/abr./2023 11:18:00 INFO org.springframework.boot.StartupInfoLogger [main] Started TextOrganicerAppApplication in 9.401 seconds (JVM running for 11.824)
03/abr./2023 11:19:02 INFO org.apache.juli.logging.DirectJDKLog [http-nio-8080-exec-1] Initializing Spring DispatcherServlet 'dispatcherServlet'
03/abr./2023 11:19:02 INFO org.springframework.web.servlet.FrameworkServlet [http-nio-8080-exec-1] Initializing Servlet 'dispatcherServlet'
03/abr./2023 11:19:02 INFO org.springframework.web.servlet.FrameworkServlet [http-nio-8080-exec-1] Completed initialization in 3 ms
03/abr./2023 11:19:03 WARN org.springframework.web.servlet.handler.AbstractHandlerExceptionResolver [http-nio-8080-exec-1] Resolved [org.springframework.web.method.annotation.MethodArgumentTypeMismatchException: Failed to convert value of type 'java.lang.String' to required type 'java.lang.Integer'; nested exception is java.lang.NumberFormatException: For input string: "login"]
03/abr./2023 11:19:19 WARN org.springframework.web.servlet.handler.AbstractHandlerExceptionResolver [http-nio-8080-exec-3] Resolved [org.springframework.web.method.annotation.MethodArgumentTypeMismatchException: Failed to convert value of type 'java.lang.String' to required type 'java.lang.Integer'; nested exception is java.lang.NumberFormatException: For input string: "login"]
03/abr./2023 11:19:49 WARN org.springframework.web.servlet.handler.AbstractHandlerExceptionResolver [http-nio-8080-exec-7] Resolved [org.springframework.web.method.annotation.MethodArgumentTypeMismatchException: Failed to convert value of type 'java.lang.String' to required type 'java.lang.Integer'; nested exception is java.lang.NumberFormatException: For input string: "login"]
03/abr./2023 11:19:59 WARN org.springframework.web.servlet.handler.AbstractHandlerExceptionResolver [http-nio-8080-exec-9] Resolved [org.springframework.web.method.annotation.MethodArgumentTypeMismatchException: Failed to convert value of type 'java.lang.String' to required type 'java.lang.Integer'; nested exception is java.lang.NumberFormatException: For input string: "login"]
03/abr./2023 11:20:04 INFO com.textorganicer.controlador.UserPrivateController [http-nio-8080-exec-2] login - UserDTO(id=1, username=Laureano, imagen=null, token=7132bb80-00a1-462e-8d0b-69604988b505, folders=[FolderDTO(id=1, nombre=TextOrganicer DOC, is_public=true, id_user=1), FolderDTO(id=3, nombre=Editor de textos, is_public=true, id_user=1), FolderDTO(id=4, nombre=Shortcuts, is_public=false, id_user=1), FolderDTO(id=5, nombre=Cancionero, is_public=true, id_user=1)])
03/abr./2023 11:20:07 ERROR com.textorganicer.controlador.UserPrivateController [http-nio-8080-exec-1] login - Mail no encontrado
03/abr./2023 11:22:16 INFO org.springframework.orm.jpa.AbstractEntityManagerFactoryBean [SpringApplicationShutdownHook] Closing JPA EntityManagerFactory for persistence unit 'default'
03/abr./2023 11:22:16 INFO com.zaxxer.hikari.HikariDataSource [SpringApplicationShutdownHook] HikariPool-1 - Shutdown initiated...
03/abr./2023 11:22:16 INFO com.zaxxer.hikari.HikariDataSource [SpringApplicationShutdownHook] HikariPool-1 - Shutdown completed.
03/abr./2023 11:22:52 INFO org.hibernate.validator.internal.util.Version [background-preinit] HV000001: Hibernate Validator 6.2.5.Final
03/abr./2023 11:22:52 INFO org.springframework.boot.StartupInfoLogger [main] Starting TextOrganicerAppApplication using Java 11.0.18 on NBOOT36 with PID 19992 (C:\Users\lmarenco\text-organicer-app\target\classes started by lmarenco in C:\Users\lmarenco\text-organicer-app)
03/abr./2023 11:22:52 INFO org.springframework.boot.SpringApplication [main] No active profile set, falling back to 1 default profile: "default"
03/abr./2023 11:22:54 INFO org.springframework.data.repository.config.RepositoryConfigurationDelegate [main] Bootstrapping Spring Data JPA repositories in DEFAULT mode.
03/abr./2023 11:22:54 INFO org.springframework.data.repository.config.RepositoryConfigurationDelegate [main] Finished Spring Data repository scanning in 224 ms. Found 5 JPA repository interfaces.
03/abr./2023 11:22:56 INFO org.springframework.boot.web.embedded.tomcat.TomcatWebServer [main] Tomcat initialized with port(s): 8080 (http)
03/abr./2023 11:22:56 INFO org.apache.juli.logging.DirectJDKLog [main] Initializing ProtocolHandler ["http-nio-8080"]
03/abr./2023 11:22:56 INFO org.apache.juli.logging.DirectJDKLog [main] Starting service [Tomcat]
03/abr./2023 11:22:56 INFO org.apache.juli.logging.DirectJDKLog [main] Starting Servlet engine: [Apache Tomcat/9.0.71]
03/abr./2023 11:22:57 INFO org.apache.juli.logging.DirectJDKLog [main] Initializing Spring embedded WebApplicationContext
03/abr./2023 11:22:57 INFO org.springframework.boot.web.servlet.context.ServletWebServerApplicationContext [main] Root WebApplicationContext: initialization completed in 5419 ms
03/abr./2023 11:22:58 INFO org.hibernate.jpa.internal.util.LogHelper [main] HHH000204: Processing PersistenceUnitInfo [name: default]
03/abr./2023 11:22:58 INFO org.hibernate.Version [main] HHH000412: Hibernate ORM core version 5.6.15.Final
03/abr./2023 11:22:58 INFO org.hibernate.annotations.common.reflection.java.JavaReflectionManager [main] HCANN000001: Hibernate Commons Annotations {5.1.2.Final}
03/abr./2023 11:22:58 INFO com.zaxxer.hikari.HikariDataSource [main] HikariPool-1 - Starting...
03/abr./2023 11:22:58 INFO com.zaxxer.hikari.HikariDataSource [main] HikariPool-1 - Start completed.
03/abr./2023 11:22:58 INFO org.hibernate.dialect.Dialect [main] HHH000400: Using dialect: org.hibernate.dialect.MySQL55Dialect
03/abr./2023 11:23:00 INFO org.hibernate.engine.transaction.jta.platform.internal.JtaPlatformInitiator [main] HHH000490: Using JtaPlatform implementation: [org.hibernate.engine.transaction.jta.platform.internal.NoJtaPlatform]
03/abr./2023 11:23:00 INFO org.springframework.orm.jpa.AbstractEntityManagerFactoryBean [main] Initialized JPA EntityManagerFactory for persistence unit 'default'
03/abr./2023 11:23:02 WARN org.springframework.boot.autoconfigure.orm.jpa.JpaBaseConfiguration$JpaWebConfiguration [main] spring.jpa.open-in-view is enabled by default. Therefore, database queries may be performed during view rendering. Explicitly configure spring.jpa.open-in-view to disable this warning
03/abr./2023 11:23:02 INFO org.apache.juli.logging.DirectJDKLog [main] Starting ProtocolHandler ["http-nio-8080"]
03/abr./2023 11:23:02 INFO org.springframework.boot.web.embedded.tomcat.TomcatWebServer [main] Tomcat started on port(s): 8080 (http) with context path ''
03/abr./2023 11:23:03 INFO org.springframework.boot.StartupInfoLogger [main] Started TextOrganicerAppApplication in 11.773 seconds (JVM running for 14.321)
03/abr./2023 11:23:08 INFO org.apache.juli.logging.DirectJDKLog [http-nio-8080-exec-2] Initializing Spring DispatcherServlet 'dispatcherServlet'
03/abr./2023 11:23:08 INFO org.springframework.web.servlet.FrameworkServlet [http-nio-8080-exec-2] Initializing Servlet 'dispatcherServlet'
03/abr./2023 11:23:08 INFO org.springframework.web.servlet.FrameworkServlet [http-nio-8080-exec-2] Completed initialization in 2 ms
03/abr./2023 11:23:08 WARN org.springframework.web.servlet.handler.AbstractHandlerExceptionResolver [http-nio-8080-exec-2] Resolved [org.springframework.web.bind.MethodArgumentNotValidException: Validation failed for argument [0] in public org.springframework.http.ResponseEntity<?> com.textorganicer.controlador.UserPrivateController.login(com.textorganicer.negocio.dominios.UserPrivate): [Field error in object 'userPrivate' on field 'mail': rejected value [laureanomarenco@gmail.com]; codes [Min.userPrivate.mail,Min.mail,Min.java.lang.String,Min]; arguments [org.springframework.context.support.DefaultMessageSourceResolvable: codes [userPrivate.mail,mail]; arguments []; default message [mail],6]; default message [Tendría que ser mas largo]] ]
03/abr./2023 11:23:17 WARN org.springframework.web.servlet.handler.AbstractHandlerExceptionResolver [http-nio-8080-exec-4] Resolved [org.springframework.web.bind.MethodArgumentNotValidException: Validation failed for argument [0] in public org.springframework.http.ResponseEntity<?> com.textorganicer.controlador.UserPrivateController.login(com.textorganicer.negocio.dominios.UserPrivate): [Field error in object 'userPrivate' on field 'mail': rejected value [laureanomarenco@gmail.com]; codes [Min.userPrivate.mail,Min.mail,Min.java.lang.String,Min]; arguments [org.springframework.context.support.DefaultMessageSourceResolvable: codes [userPrivate.mail,mail]; arguments []; default message [mail],6]; default message [Tendría que ser mas largo]] ]
03/abr./2023 11:23:40 INFO org.springframework.orm.jpa.AbstractEntityManagerFactoryBean [SpringApplicationShutdownHook] Closing JPA EntityManagerFactory for persistence unit 'default'
03/abr./2023 11:23:40 INFO com.zaxxer.hikari.HikariDataSource [SpringApplicationShutdownHook] HikariPool-1 - Shutdown initiated...
03/abr./2023 11:23:40 INFO com.zaxxer.hikari.HikariDataSource [SpringApplicationShutdownHook] HikariPool-1 - Shutdown completed.
03/abr./2023 11:24:09 INFO org.springframework.boot.StartupInfoLogger [main] Starting TextOrganicerAppApplication using Java 11.0.18 on NBOOT36 with PID 7208 (C:\Users\lmarenco\text-organicer-app\target\classes started by lmarenco in C:\Users\lmarenco\text-organicer-app)
03/abr./2023 11:24:09 INFO org.hibernate.validator.internal.util.Version [background-preinit] HV000001: Hibernate Validator 6.2.5.Final
03/abr./2023 11:24:09 INFO org.springframework.boot.SpringApplication [main] No active profile set, falling back to 1 default profile: "default"
03/abr./2023 11:24:11 INFO org.springframework.data.repository.config.RepositoryConfigurationDelegate [main] Bootstrapping Spring Data JPA repositories in DEFAULT mode.
03/abr./2023 11:24:11 INFO org.springframework.data.repository.config.RepositoryConfigurationDelegate [main] Finished Spring Data repository scanning in 135 ms. Found 5 JPA repository interfaces.
03/abr./2023 11:24:12 INFO org.springframework.boot.web.embedded.tomcat.TomcatWebServer [main] Tomcat initialized with port(s): 8080 (http)
03/abr./2023 11:24:12 INFO org.apache.juli.logging.DirectJDKLog [main] Initializing ProtocolHandler ["http-nio-8080"]
03/abr./2023 11:24:12 INFO org.apache.juli.logging.DirectJDKLog [main] Starting service [Tomcat]
03/abr./2023 11:24:12 INFO org.apache.juli.logging.DirectJDKLog [main] Starting Servlet engine: [Apache Tomcat/9.0.71]
03/abr./2023 11:24:12 INFO org.apache.juli.logging.DirectJDKLog [main] Initializing Spring embedded WebApplicationContext
03/abr./2023 11:24:12 INFO org.springframework.boot.web.servlet.context.ServletWebServerApplicationContext [main] Root WebApplicationContext: initialization completed in 3070 ms
03/abr./2023 11:24:12 INFO org.hibernate.jpa.internal.util.LogHelper [main] HHH000204: Processing PersistenceUnitInfo [name: default]
03/abr./2023 11:24:12 INFO org.hibernate.Version [main] HHH000412: Hibernate ORM core version 5.6.15.Final
03/abr./2023 11:24:12 INFO org.hibernate.annotations.common.reflection.java.JavaReflectionManager [main] HCANN000001: Hibernate Commons Annotations {5.1.2.Final}
03/abr./2023 11:24:12 INFO com.zaxxer.hikari.HikariDataSource [main] HikariPool-1 - Starting...
03/abr./2023 11:24:13 INFO com.zaxxer.hikari.HikariDataSource [main] HikariPool-1 - Start completed.
03/abr./2023 11:24:13 INFO org.hibernate.dialect.Dialect [main] HHH000400: Using dialect: org.hibernate.dialect.MySQL55Dialect
03/abr./2023 11:24:14 INFO org.hibernate.engine.transaction.jta.platform.internal.JtaPlatformInitiator [main] HHH000490: Using JtaPlatform implementation: [org.hibernate.engine.transaction.jta.platform.internal.NoJtaPlatform]
03/abr./2023 11:24:14 INFO org.springframework.orm.jpa.AbstractEntityManagerFactoryBean [main] Initialized JPA EntityManagerFactory for persistence unit 'default'
03/abr./2023 11:24:15 WARN org.springframework.boot.autoconfigure.orm.jpa.JpaBaseConfiguration$JpaWebConfiguration [main] spring.jpa.open-in-view is enabled by default. Therefore, database queries may be performed during view rendering. Explicitly configure spring.jpa.open-in-view to disable this warning
03/abr./2023 11:24:16 INFO org.apache.juli.logging.DirectJDKLog [main] Starting ProtocolHandler ["http-nio-8080"]
03/abr./2023 11:24:16 INFO org.springframework.boot.web.embedded.tomcat.TomcatWebServer [main] Tomcat started on port(s): 8080 (http) with context path ''
03/abr./2023 11:24:16 INFO org.springframework.boot.StartupInfoLogger [main] Started TextOrganicerAppApplication in 7.929 seconds (JVM running for 11.209)
03/abr./2023 11:24:21 INFO org.apache.juli.logging.DirectJDKLog [http-nio-8080-exec-2] Initializing Spring DispatcherServlet 'dispatcherServlet'
03/abr./2023 11:24:21 INFO org.springframework.web.servlet.FrameworkServlet [http-nio-8080-exec-2] Initializing Servlet 'dispatcherServlet'
03/abr./2023 11:24:21 INFO org.springframework.web.servlet.FrameworkServlet [http-nio-8080-exec-2] Completed initialization in 2 ms
03/abr./2023 11:24:22 INFO com.textorganicer.controlador.UserPrivateController [http-nio-8080-exec-2] login - UserDTO(id=1, username=Laureano, imagen=null, token=192f9dae-12d5-4840-be94-729d973940f7, folders=[FolderDTO(id=1, nombre=TextOrganicer DOC, is_public=true, id_user=1), FolderDTO(id=3, nombre=Editor de textos, is_public=true, id_user=1), FolderDTO(id=4, nombre=Shortcuts, is_public=false, id_user=1), FolderDTO(id=5, nombre=Cancionero, is_public=true, id_user=1)])
03/abr./2023 11:24:34 ERROR com.textorganicer.controlador.UserPrivateController [http-nio-8080-exec-3] login - Mail no encontrado
03/abr./2023 11:24:45 WARN org.springframework.web.servlet.handler.AbstractHandlerExceptionResolver [http-nio-8080-exec-5] Resolved [org.springframework.web.bind.MethodArgumentNotValidException: Validation failed for argument [0] in public org.springframework.http.ResponseEntity<?> com.textorganicer.controlador.UserPrivateController.login(com.textorganicer.negocio.dominios.UserPrivate): [Field error in object 'userPrivate' on field 'mail': rejected value [laureanomarencoogmail.com]; codes [Email.userPrivate.mail,Email.mail,Email.java.lang.String,Email]; arguments [org.springframework.context.support.DefaultMessageSourceResolvable: codes [userPrivate.mail,mail]; arguments []; default message [mail],[Ljavax.validation.constraints.Pattern$Flag;@57334feb,.*]; default message [El mail debe tener un formato de email válido]] ]
03/abr./2023 11:24:58 WARN org.springframework.web.servlet.handler.AbstractHandlerExceptionResolver [http-nio-8080-exec-7] Resolved [org.springframework.web.bind.MethodArgumentNotValidException: Validation failed for argument [0] in public org.springframework.http.ResponseEntity<?> com.textorganicer.controlador.UserPrivateController.login(com.textorganicer.negocio.dominios.UserPrivate): [Field error in object 'userPrivate' on field 'mail': rejected value []; codes [NotBlank.userPrivate.mail,NotBlank.mail,NotBlank.java.lang.String,NotBlank]; arguments [org.springframework.context.support.DefaultMessageSourceResolvable: codes [userPrivate.mail,mail]; arguments []; default message [mail]]; default message [El mail no puede estar vacío]] ]
03/abr./2023 11:49:28 INFO org.springframework.orm.jpa.AbstractEntityManagerFactoryBean [SpringApplicationShutdownHook] Closing JPA EntityManagerFactory for persistence unit 'default'
03/abr./2023 11:49:28 INFO com.zaxxer.hikari.HikariDataSource [SpringApplicationShutdownHook] HikariPool-1 - Shutdown initiated...
03/abr./2023 11:49:28 INFO com.zaxxer.hikari.HikariDataSource [SpringApplicationShutdownHook] HikariPool-1 - Shutdown completed.
03/abr./2023 11:49:41 INFO org.hibernate.validator.internal.util.Version [background-preinit] HV000001: Hibernate Validator 6.2.5.Final
03/abr./2023 11:49:41 INFO org.springframework.boot.StartupInfoLogger [main] Starting TextOrganicerAppApplication using Java 11.0.18 on NBOOT36 with PID 20140 (C:\Users\lmarenco\text-organicer-app\target\classes started by lmarenco in C:\Users\lmarenco\text-organicer-app)
03/abr./2023 11:49:41 INFO org.springframework.boot.SpringApplication [main] No active profile set, falling back to 1 default profile: "default"
03/abr./2023 11:49:43 INFO org.springframework.data.repository.config.RepositoryConfigurationDelegate [main] Bootstrapping Spring Data JPA repositories in DEFAULT mode.
03/abr./2023 11:49:43 INFO org.springframework.data.repository.config.RepositoryConfigurationDelegate [main] Finished Spring Data repository scanning in 137 ms. Found 5 JPA repository interfaces.
03/abr./2023 11:49:44 INFO org.springframework.boot.web.embedded.tomcat.TomcatWebServer [main] Tomcat initialized with port(s): 8080 (http)
03/abr./2023 11:49:44 INFO org.apache.juli.logging.DirectJDKLog [main] Initializing ProtocolHandler ["http-nio-8080"]
03/abr./2023 11:49:44 INFO org.apache.juli.logging.DirectJDKLog [main] Starting service [Tomcat]
03/abr./2023 11:49:44 INFO org.apache.juli.logging.DirectJDKLog [main] Starting Servlet engine: [Apache Tomcat/9.0.71]
03/abr./2023 11:49:45 INFO org.apache.juli.logging.DirectJDKLog [main] Initializing Spring embedded WebApplicationContext
03/abr./2023 11:49:45 INFO org.springframework.boot.web.servlet.context.ServletWebServerApplicationContext [main] Root WebApplicationContext: initialization completed in 3578 ms
03/abr./2023 11:49:45 INFO org.hibernate.jpa.internal.util.LogHelper [main] HHH000204: Processing PersistenceUnitInfo [name: default]
03/abr./2023 11:49:45 INFO org.hibernate.Version [main] HHH000412: Hibernate ORM core version 5.6.15.Final
03/abr./2023 11:49:45 INFO org.hibernate.annotations.common.reflection.java.JavaReflectionManager [main] HCANN000001: Hibernate Commons Annotations {5.1.2.Final}
03/abr./2023 11:49:45 INFO com.zaxxer.hikari.HikariDataSource [main] HikariPool-1 - Starting...
03/abr./2023 11:49:45 INFO com.zaxxer.hikari.HikariDataSource [main] HikariPool-1 - Start completed.
03/abr./2023 11:49:45 INFO org.hibernate.dialect.Dialect [main] HHH000400: Using dialect: org.hibernate.dialect.MySQL55Dialect
03/abr./2023 11:49:47 INFO org.hibernate.engine.transaction.jta.platform.internal.JtaPlatformInitiator [main] HHH000490: Using JtaPlatform implementation: [org.hibernate.engine.transaction.jta.platform.internal.NoJtaPlatform]
03/abr./2023 11:49:47 INFO org.springframework.orm.jpa.AbstractEntityManagerFactoryBean [main] Initialized JPA EntityManagerFactory for persistence unit 'default'
03/abr./2023 11:49:48 WARN org.springframework.boot.autoconfigure.orm.jpa.JpaBaseConfiguration$JpaWebConfiguration [main] spring.jpa.open-in-view is enabled by default. Therefore, database queries may be performed during view rendering. Explicitly configure spring.jpa.open-in-view to disable this warning
03/abr./2023 11:49:48 INFO org.apache.juli.logging.DirectJDKLog [main] Starting ProtocolHandler ["http-nio-8080"]
03/abr./2023 11:49:48 INFO org.springframework.boot.web.embedded.tomcat.TomcatWebServer [main] Tomcat started on port(s): 8080 (http) with context path ''
03/abr./2023 11:49:49 INFO org.springframework.boot.StartupInfoLogger [main] Started TextOrganicerAppApplication in 7.939 seconds (JVM running for 9.751)
03/abr./2023 11:59:57 INFO org.springframework.orm.jpa.AbstractEntityManagerFactoryBean [SpringApplicationShutdownHook] Closing JPA EntityManagerFactory for persistence unit 'default'
03/abr./2023 11:59:57 INFO com.zaxxer.hikari.HikariDataSource [SpringApplicationShutdownHook] HikariPool-1 - Shutdown initiated...
03/abr./2023 11:59:57 INFO com.zaxxer.hikari.HikariDataSource [SpringApplicationShutdownHook] HikariPool-1 - Shutdown completed.
03/abr./2023 12:00:05 INFO org.hibernate.validator.internal.util.Version [background-preinit] HV000001: Hibernate Validator 6.2.5.Final
03/abr./2023 12:00:05 INFO org.springframework.boot.StartupInfoLogger [main] Starting TextOrganicerAppApplication using Java 11.0.18 on NBOOT36 with PID 10640 (C:\Users\lmarenco\text-organicer-app\target\classes started by lmarenco in C:\Users\lmarenco\text-organicer-app)
03/abr./2023 12:00:05 INFO org.springframework.boot.SpringApplication [main] No active profile set, falling back to 1 default profile: "default"
03/abr./2023 12:00:06 INFO org.springframework.data.repository.config.RepositoryConfigurationDelegate [main] Bootstrapping Spring Data JPA repositories in DEFAULT mode.
03/abr./2023 12:00:06 INFO org.springframework.data.repository.config.RepositoryConfigurationDelegate [main] Finished Spring Data repository scanning in 81 ms. Found 5 JPA repository interfaces.
03/abr./2023 12:00:07 INFO org.springframework.boot.web.embedded.tomcat.TomcatWebServer [main] Tomcat initialized with port(s): 8080 (http)
03/abr./2023 12:00:07 INFO org.apache.juli.logging.DirectJDKLog [main] Initializing ProtocolHandler ["http-nio-8080"]
03/abr./2023 12:00:07 INFO org.apache.juli.logging.DirectJDKLog [main] Starting service [Tomcat]
03/abr./2023 12:00:07 INFO org.apache.juli.logging.DirectJDKLog [main] Starting Servlet engine: [Apache Tomcat/9.0.71]
03/abr./2023 12:00:07 INFO org.apache.juli.logging.DirectJDKLog [main] Initializing Spring embedded WebApplicationContext
03/abr./2023 12:00:07 INFO org.springframework.boot.web.servlet.context.ServletWebServerApplicationContext [main] Root WebApplicationContext: initialization completed in 1487 ms
03/abr./2023 12:00:07 INFO org.hibernate.jpa.internal.util.LogHelper [main] HHH000204: Processing PersistenceUnitInfo [name: default]
03/abr./2023 12:00:07 INFO org.hibernate.Version [main] HHH000412: Hibernate ORM core version 5.6.15.Final
03/abr./2023 12:00:07 INFO org.hibernate.annotations.common.reflection.java.JavaReflectionManager [main] HCANN000001: Hibernate Commons Annotations {5.1.2.Final}
03/abr./2023 12:00:07 INFO com.zaxxer.hikari.HikariDataSource [main] HikariPool-1 - Starting...
03/abr./2023 12:00:07 INFO com.zaxxer.hikari.HikariDataSource [main] HikariPool-1 - Start completed.
03/abr./2023 12:00:07 INFO org.hibernate.dialect.Dialect [main] HHH000400: Using dialect: org.hibernate.dialect.MySQL55Dialect
03/abr./2023 12:00:08 INFO org.hibernate.engine.transaction.jta.platform.internal.JtaPlatformInitiator [main] HHH000490: Using JtaPlatform implementation: [org.hibernate.engine.transaction.jta.platform.internal.NoJtaPlatform]
03/abr./2023 12:00:08 INFO org.springframework.orm.jpa.AbstractEntityManagerFactoryBean [main] Initialized JPA EntityManagerFactory for persistence unit 'default'
03/abr./2023 12:00:09 WARN org.springframework.boot.autoconfigure.orm.jpa.JpaBaseConfiguration$JpaWebConfiguration [main] spring.jpa.open-in-view is enabled by default. Therefore, database queries may be performed during view rendering. Explicitly configure spring.jpa.open-in-view to disable this warning
03/abr./2023 12:00:09 INFO org.apache.juli.logging.DirectJDKLog [main] Starting ProtocolHandler ["http-nio-8080"]
03/abr./2023 12:00:09 INFO org.springframework.boot.web.embedded.tomcat.TomcatWebServer [main] Tomcat started on port(s): 8080 (http) with context path ''
03/abr./2023 12:00:09 INFO org.springframework.boot.StartupInfoLogger [main] Started TextOrganicerAppApplication in 4.494 seconds (JVM running for 5.511)
03/abr./2023 12:00:30 INFO org.apache.juli.logging.DirectJDKLog [http-nio-8080-exec-1] Initializing Spring DispatcherServlet 'dispatcherServlet'
03/abr./2023 12:00:30 INFO org.springframework.web.servlet.FrameworkServlet [http-nio-8080-exec-1] Initializing Servlet 'dispatcherServlet'
03/abr./2023 12:00:30 INFO org.springframework.web.servlet.FrameworkServlet [http-nio-8080-exec-1] Completed initialization in 1 ms
03/abr./2023 12:00:30 ERROR com.textorganicer.controlador.UserPrivateController [http-nio-8080-exec-1] login - Error de validación [Field error in object 'userPrivate' on field 'mail': rejected value []; codes [NotBlank.userPrivate.mail,NotBlank.mail,NotBlank.java.lang.String,NotBlank]; arguments [org.springframework.context.support.DefaultMessageSourceResolvable: codes [userPrivate.mail,mail]; arguments []; default message [mail]]; default message [El mail no puede estar vacío]]
03/abr./2023 12:06:08 INFO org.springframework.orm.jpa.AbstractEntityManagerFactoryBean [SpringApplicationShutdownHook] Closing JPA EntityManagerFactory for persistence unit 'default'
03/abr./2023 12:06:08 INFO com.zaxxer.hikari.HikariDataSource [SpringApplicationShutdownHook] HikariPool-1 - Shutdown initiated...
03/abr./2023 12:06:08 INFO com.zaxxer.hikari.HikariDataSource [SpringApplicationShutdownHook] HikariPool-1 - Shutdown completed.
03/abr./2023 12:06:16 INFO org.springframework.boot.StartupInfoLogger [main] Starting TextOrganicerAppApplication using Java 11.0.18 on NBOOT36 with PID 19392 (C:\Users\lmarenco\text-organicer-app\target\classes started by lmarenco in C:\Users\lmarenco\text-organicer-app)
03/abr./2023 12:06:16 INFO org.hibernate.validator.internal.util.Version [background-preinit] HV000001: Hibernate Validator 6.2.5.Final
03/abr./2023 12:06:16 INFO org.springframework.boot.SpringApplication [main] No active profile set, falling back to 1 default profile: "default"
03/abr./2023 12:06:17 INFO org.springframework.data.repository.config.RepositoryConfigurationDelegate [main] Bootstrapping Spring Data JPA repositories in DEFAULT mode.
03/abr./2023 12:06:17 INFO org.springframework.data.repository.config.RepositoryConfigurationDelegate [main] Finished Spring Data repository scanning in 61 ms. Found 5 JPA repository interfaces.
03/abr./2023 12:06:17 INFO org.springframework.boot.web.embedded.tomcat.TomcatWebServer [main] Tomcat initialized with port(s): 8080 (http)
03/abr./2023 12:06:17 INFO org.apache.juli.logging.DirectJDKLog [main] Initializing ProtocolHandler ["http-nio-8080"]
03/abr./2023 12:06:17 INFO org.apache.juli.logging.DirectJDKLog [main] Starting service [Tomcat]
03/abr./2023 12:06:17 INFO org.apache.juli.logging.DirectJDKLog [main] Starting Servlet engine: [Apache Tomcat/9.0.71]
03/abr./2023 12:06:17 INFO org.apache.juli.logging.DirectJDKLog [main] Initializing Spring embedded WebApplicationContext
03/abr./2023 12:06:17 INFO org.springframework.boot.web.servlet.context.ServletWebServerApplicationContext [main] Root WebApplicationContext: initialization completed in 1239 ms
03/abr./2023 12:06:17 INFO org.hibernate.jpa.internal.util.LogHelper [main] HHH000204: Processing PersistenceUnitInfo [name: default]
03/abr./2023 12:06:17 INFO org.hibernate.Version [main] HHH000412: Hibernate ORM core version 5.6.15.Final
03/abr./2023 12:06:17 INFO org.hibernate.annotations.common.reflection.java.JavaReflectionManager [main] HCANN000001: Hibernate Commons Annotations {5.1.2.Final}
03/abr./2023 12:06:18 INFO com.zaxxer.hikari.HikariDataSource [main] HikariPool-1 - Starting...
03/abr./2023 12:06:18 INFO com.zaxxer.hikari.HikariDataSource [main] HikariPool-1 - Start completed.
03/abr./2023 12:06:18 INFO org.hibernate.dialect.Dialect [main] HHH000400: Using dialect: org.hibernate.dialect.MySQL55Dialect
03/abr./2023 12:06:18 INFO org.hibernate.engine.transaction.jta.platform.internal.JtaPlatformInitiator [main] HHH000490: Using JtaPlatform implementation: [org.hibernate.engine.transaction.jta.platform.internal.NoJtaPlatform]
03/abr./2023 12:06:18 INFO org.springframework.orm.jpa.AbstractEntityManagerFactoryBean [main] Initialized JPA EntityManagerFactory for persistence unit 'default'
03/abr./2023 12:06:19 WARN org.springframework.boot.autoconfigure.orm.jpa.JpaBaseConfiguration$JpaWebConfiguration [main] spring.jpa.open-in-view is enabled by default. Therefore, database queries may be performed during view rendering. Explicitly configure spring.jpa.open-in-view to disable this warning
03/abr./2023 12:06:19 INFO org.apache.juli.logging.DirectJDKLog [main] Starting ProtocolHandler ["http-nio-8080"]
03/abr./2023 12:06:19 INFO org.springframework.boot.web.embedded.tomcat.TomcatWebServer [main] Tomcat started on port(s): 8080 (http) with context path ''
03/abr./2023 12:06:19 INFO org.springframework.boot.StartupInfoLogger [main] Started TextOrganicerAppApplication in 3.402 seconds (JVM running for 4.308)
03/abr./2023 12:06:24 INFO org.apache.juli.logging.DirectJDKLog [http-nio-8080-exec-2] Initializing Spring DispatcherServlet 'dispatcherServlet'
03/abr./2023 12:06:24 INFO org.springframework.web.servlet.FrameworkServlet [http-nio-8080-exec-2] Initializing Servlet 'dispatcherServlet'
03/abr./2023 12:06:24 INFO org.springframework.web.servlet.FrameworkServlet [http-nio-8080-exec-2] Completed initialization in 4 ms
03/abr./2023 12:06:24 ERROR com.textorganicer.controlador.UserPrivateController [http-nio-8080-exec-2] login - Error de validación El mail no puede estar vacío
03/abr./2023 02:46:08 WARN com.zaxxer.hikari.pool.HikariPool$HouseKeeper [HikariPool-1 housekeeper] HikariPool-1 - Thread starvation or clock leap detected (housekeeper delta=1h22m49s406ms888µs900ns).
03/abr./2023 05:04:10 INFO org.springframework.orm.jpa.AbstractEntityManagerFactoryBean [SpringApplicationShutdownHook] Closing JPA EntityManagerFactory for persistence unit 'default'
03/abr./2023 05:04:10 INFO com.zaxxer.hikari.HikariDataSource [SpringApplicationShutdownHook] HikariPool-1 - Shutdown initiated...
03/abr./2023 05:04:10 INFO com.zaxxer.hikari.HikariDataSource [SpringApplicationShutdownHook] HikariPool-1 - Shutdown completed.
