04/abr./2023 03:45:30 INFO org.springframework.boot.StartupInfoLogger [main] Starting TextOrganicerAppApplication using Java 11.0.18 on NBOOT36 with PID 7420 (C:\Users\lmarenco\text-organicer-app\target\classes started by lmarenco in C:\Users\lmarenco\text-organicer-app)
04/abr./2023 03:45:30 INFO org.hibernate.validator.internal.util.Version [background-preinit] HV000001: Hibernate Validator 6.2.5.Final
04/abr./2023 03:45:30 INFO org.springframework.boot.SpringApplication [main] No active profile set, falling back to 1 default profile: "default"
04/abr./2023 03:45:31 INFO org.springframework.data.repository.config.RepositoryConfigurationDelegate [main] Bootstrapping Spring Data JPA repositories in DEFAULT mode.
04/abr./2023 03:45:31 INFO org.springframework.data.repository.config.RepositoryConfigurationDelegate [main] Finished Spring Data repository scanning in 55 ms. Found 5 JPA repository interfaces.
04/abr./2023 03:45:32 INFO org.springframework.boot.web.embedded.tomcat.TomcatWebServer [main] Tomcat initialized with port(s): 8080 (http)
04/abr./2023 03:45:32 INFO org.apache.juli.logging.DirectJDKLog [main] Initializing ProtocolHandler ["http-nio-8080"]
04/abr./2023 03:45:32 INFO org.apache.juli.logging.DirectJDKLog [main] Starting service [Tomcat]
04/abr./2023 03:45:32 INFO org.apache.juli.logging.DirectJDKLog [main] Starting Servlet engine: [Apache Tomcat/9.0.71]
04/abr./2023 03:45:32 INFO org.apache.juli.logging.DirectJDKLog [main] Initializing Spring embedded WebApplicationContext
04/abr./2023 03:45:32 INFO org.springframework.boot.web.servlet.context.ServletWebServerApplicationContext [main] Root WebApplicationContext: initialization completed in 1869 ms
04/abr./2023 03:45:32 INFO org.hibernate.jpa.internal.util.LogHelper [main] HHH000204: Processing PersistenceUnitInfo [name: default]
04/abr./2023 03:45:32 INFO org.hibernate.Version [main] HHH000412: Hibernate ORM core version 5.6.15.Final
04/abr./2023 03:45:32 INFO org.hibernate.annotations.common.reflection.java.JavaReflectionManager [main] HCANN000001: Hibernate Commons Annotations {5.1.2.Final}
04/abr./2023 03:45:32 INFO com.zaxxer.hikari.HikariDataSource [main] HikariPool-1 - Starting...
04/abr./2023 03:45:32 INFO com.zaxxer.hikari.HikariDataSource [main] HikariPool-1 - Start completed.
04/abr./2023 03:45:32 INFO org.hibernate.dialect.Dialect [main] HHH000400: Using dialect: org.hibernate.dialect.MySQL55Dialect
04/abr./2023 03:45:33 INFO org.hibernate.engine.transaction.jta.platform.internal.JtaPlatformInitiator [main] HHH000490: Using JtaPlatform implementation: [org.hibernate.engine.transaction.jta.platform.internal.NoJtaPlatform]
04/abr./2023 03:45:33 INFO org.springframework.orm.jpa.AbstractEntityManagerFactoryBean [main] Initialized JPA EntityManagerFactory for persistence unit 'default'
04/abr./2023 03:45:33 WARN org.springframework.boot.autoconfigure.orm.jpa.JpaBaseConfiguration$JpaWebConfiguration [main] spring.jpa.open-in-view is enabled by default. Therefore, database queries may be performed during view rendering. Explicitly configure spring.jpa.open-in-view to disable this warning
04/abr./2023 03:45:34 INFO org.apache.juli.logging.DirectJDKLog [main] Starting ProtocolHandler ["http-nio-8080"]
04/abr./2023 03:45:34 INFO org.springframework.boot.web.embedded.tomcat.TomcatWebServer [main] Tomcat started on port(s): 8080 (http) with context path ''
04/abr./2023 03:45:34 INFO org.springframework.boot.StartupInfoLogger [main] Started TextOrganicerAppApplication in 4.239 seconds (JVM running for 5.297)
04/abr./2023 03:45:50 INFO org.apache.juli.logging.DirectJDKLog [http-nio-8080-exec-2] Initializing Spring DispatcherServlet 'dispatcherServlet'
04/abr./2023 03:45:50 INFO org.springframework.web.servlet.FrameworkServlet [http-nio-8080-exec-2] Initializing Servlet 'dispatcherServlet'
04/abr./2023 03:45:50 INFO org.springframework.web.servlet.FrameworkServlet [http-nio-8080-exec-2] Completed initialization in 1 ms
04/abr./2023 03:48:45 INFO org.springframework.orm.jpa.AbstractEntityManagerFactoryBean [SpringApplicationShutdownHook] Closing JPA EntityManagerFactory for persistence unit 'default'
04/abr./2023 03:48:45 INFO com.zaxxer.hikari.HikariDataSource [SpringApplicationShutdownHook] HikariPool-1 - Shutdown initiated...
04/abr./2023 03:48:45 INFO com.zaxxer.hikari.HikariDataSource [SpringApplicationShutdownHook] HikariPool-1 - Shutdown completed.
04/abr./2023 03:48:53 INFO org.springframework.boot.StartupInfoLogger [main] Starting TextOrganicerAppApplication using Java 11.0.18 on NBOOT36 with PID 23564 (C:\Users\lmarenco\text-organicer-app\target\classes started by lmarenco in C:\Users\lmarenco\text-organicer-app)
04/abr./2023 03:48:53 INFO org.hibernate.validator.internal.util.Version [background-preinit] HV000001: Hibernate Validator 6.2.5.Final
04/abr./2023 03:48:53 INFO org.springframework.boot.SpringApplication [main] No active profile set, falling back to 1 default profile: "default"
04/abr./2023 03:48:54 INFO org.springframework.data.repository.config.RepositoryConfigurationDelegate [main] Bootstrapping Spring Data JPA repositories in DEFAULT mode.
04/abr./2023 03:48:54 INFO org.springframework.data.repository.config.RepositoryConfigurationDelegate [main] Finished Spring Data repository scanning in 64 ms. Found 5 JPA repository interfaces.
04/abr./2023 03:48:54 INFO org.springframework.boot.web.embedded.tomcat.TomcatWebServer [main] Tomcat initialized with port(s): 8080 (http)
04/abr./2023 03:48:54 INFO org.apache.juli.logging.DirectJDKLog [main] Initializing ProtocolHandler ["http-nio-8080"]
04/abr./2023 03:48:54 INFO org.apache.juli.logging.DirectJDKLog [main] Starting service [Tomcat]
04/abr./2023 03:48:54 INFO org.apache.juli.logging.DirectJDKLog [main] Starting Servlet engine: [Apache Tomcat/9.0.71]
04/abr./2023 03:48:54 INFO org.apache.juli.logging.DirectJDKLog [main] Initializing Spring embedded WebApplicationContext
04/abr./2023 03:48:54 INFO org.springframework.boot.web.servlet.context.ServletWebServerApplicationContext [main] Root WebApplicationContext: initialization completed in 1192 ms
04/abr./2023 03:48:54 INFO org.hibernate.jpa.internal.util.LogHelper [main] HHH000204: Processing PersistenceUnitInfo [name: default]
04/abr./2023 03:48:54 INFO org.hibernate.Version [main] HHH000412: Hibernate ORM core version 5.6.15.Final
04/abr./2023 03:48:54 INFO org.hibernate.annotations.common.reflection.java.JavaReflectionManager [main] HCANN000001: Hibernate Commons Annotations {5.1.2.Final}
04/abr./2023 03:48:54 INFO com.zaxxer.hikari.HikariDataSource [main] HikariPool-1 - Starting...
04/abr./2023 03:48:54 INFO com.zaxxer.hikari.HikariDataSource [main] HikariPool-1 - Start completed.
04/abr./2023 03:48:54 INFO org.hibernate.dialect.Dialect [main] HHH000400: Using dialect: org.hibernate.dialect.MySQL55Dialect
04/abr./2023 03:48:55 INFO org.hibernate.engine.transaction.jta.platform.internal.JtaPlatformInitiator [main] HHH000490: Using JtaPlatform implementation: [org.hibernate.engine.transaction.jta.platform.internal.NoJtaPlatform]
04/abr./2023 03:48:55 INFO org.springframework.orm.jpa.AbstractEntityManagerFactoryBean [main] Initialized JPA EntityManagerFactory for persistence unit 'default'
04/abr./2023 03:48:56 WARN org.springframework.boot.autoconfigure.orm.jpa.JpaBaseConfiguration$JpaWebConfiguration [main] spring.jpa.open-in-view is enabled by default. Therefore, database queries may be performed during view rendering. Explicitly configure spring.jpa.open-in-view to disable this warning
04/abr./2023 03:48:56 INFO org.apache.juli.logging.DirectJDKLog [main] Starting ProtocolHandler ["http-nio-8080"]
04/abr./2023 03:48:56 INFO org.springframework.boot.web.embedded.tomcat.TomcatWebServer [main] Tomcat started on port(s): 8080 (http) with context path ''
04/abr./2023 03:48:56 INFO org.springframework.boot.StartupInfoLogger [main] Started TextOrganicerAppApplication in 3.748 seconds (JVM running for 4.799)
04/abr./2023 03:48:57 INFO org.apache.juli.logging.DirectJDKLog [http-nio-8080-exec-2] Initializing Spring DispatcherServlet 'dispatcherServlet'
04/abr./2023 03:48:57 INFO org.springframework.web.servlet.FrameworkServlet [http-nio-8080-exec-2] Initializing Servlet 'dispatcherServlet'
04/abr./2023 03:48:57 INFO org.springframework.web.servlet.FrameworkServlet [http-nio-8080-exec-2] Completed initialization in 1 ms
04/abr./2023 03:53:48 INFO org.springframework.orm.jpa.AbstractEntityManagerFactoryBean [SpringApplicationShutdownHook] Closing JPA EntityManagerFactory for persistence unit 'default'
04/abr./2023 03:53:48 INFO com.zaxxer.hikari.HikariDataSource [SpringApplicationShutdownHook] HikariPool-1 - Shutdown initiated...
04/abr./2023 03:53:48 INFO com.zaxxer.hikari.HikariDataSource [SpringApplicationShutdownHook] HikariPool-1 - Shutdown completed.
04/abr./2023 04:29:06 INFO org.hibernate.validator.internal.util.Version [background-preinit] HV000001: Hibernate Validator 6.2.5.Final
04/abr./2023 04:29:06 INFO org.springframework.boot.StartupInfoLogger [main] Starting TextOrganicerAppApplication using Java 11.0.18 on NBOOT36 with PID 20996 (C:\Users\lmarenco\text-organicer-app\target\classes started by lmarenco in C:\Users\lmarenco\text-organicer-app)
04/abr./2023 04:29:06 INFO org.springframework.boot.SpringApplication [main] No active profile set, falling back to 1 default profile: "default"
04/abr./2023 04:29:07 INFO org.springframework.data.repository.config.RepositoryConfigurationDelegate [main] Bootstrapping Spring Data JPA repositories in DEFAULT mode.
04/abr./2023 04:29:07 INFO org.springframework.data.repository.config.RepositoryConfigurationDelegate [main] Finished Spring Data repository scanning in 84 ms. Found 5 JPA repository interfaces.
04/abr./2023 04:29:07 INFO org.springframework.boot.web.embedded.tomcat.TomcatWebServer [main] Tomcat initialized with port(s): 8080 (http)
04/abr./2023 04:29:07 INFO org.apache.juli.logging.DirectJDKLog [main] Initializing ProtocolHandler ["http-nio-8080"]
04/abr./2023 04:29:07 INFO org.apache.juli.logging.DirectJDKLog [main] Starting service [Tomcat]
04/abr./2023 04:29:07 INFO org.apache.juli.logging.DirectJDKLog [main] Starting Servlet engine: [Apache Tomcat/9.0.71]
04/abr./2023 04:29:07 INFO org.apache.juli.logging.DirectJDKLog [main] Initializing Spring embedded WebApplicationContext
04/abr./2023 04:29:07 INFO org.springframework.boot.web.servlet.context.ServletWebServerApplicationContext [main] Root WebApplicationContext: initialization completed in 1708 ms
04/abr./2023 04:29:07 INFO org.hibernate.jpa.internal.util.LogHelper [main] HHH000204: Processing PersistenceUnitInfo [name: default]
04/abr./2023 04:29:07 INFO org.hibernate.Version [main] HHH000412: Hibernate ORM core version 5.6.15.Final
04/abr./2023 04:29:08 INFO org.hibernate.annotations.common.reflection.java.JavaReflectionManager [main] HCANN000001: Hibernate Commons Annotations {5.1.2.Final}
04/abr./2023 04:29:08 INFO com.zaxxer.hikari.HikariDataSource [main] HikariPool-1 - Starting...
04/abr./2023 04:29:08 INFO com.zaxxer.hikari.HikariDataSource [main] HikariPool-1 - Start completed.
04/abr./2023 04:29:08 INFO org.hibernate.dialect.Dialect [main] HHH000400: Using dialect: org.hibernate.dialect.MySQL55Dialect
04/abr./2023 04:29:08 INFO org.hibernate.engine.transaction.jta.platform.internal.JtaPlatformInitiator [main] HHH000490: Using JtaPlatform implementation: [org.hibernate.engine.transaction.jta.platform.internal.NoJtaPlatform]
04/abr./2023 04:29:08 INFO org.springframework.orm.jpa.AbstractEntityManagerFactoryBean [main] Initialized JPA EntityManagerFactory for persistence unit 'default'
04/abr./2023 04:29:09 WARN org.springframework.boot.autoconfigure.orm.jpa.JpaBaseConfiguration$JpaWebConfiguration [main] spring.jpa.open-in-view is enabled by default. Therefore, database queries may be performed during view rendering. Explicitly configure spring.jpa.open-in-view to disable this warning
04/abr./2023 04:29:09 INFO org.apache.juli.logging.DirectJDKLog [main] Starting ProtocolHandler ["http-nio-8080"]
04/abr./2023 04:29:09 INFO org.springframework.boot.web.embedded.tomcat.TomcatWebServer [main] Tomcat started on port(s): 8080 (http) with context path ''
04/abr./2023 04:29:10 INFO org.springframework.boot.StartupInfoLogger [main] Started TextOrganicerAppApplication in 4.307 seconds (JVM running for 5.409)
04/abr./2023 04:29:27 INFO org.apache.juli.logging.DirectJDKLog [http-nio-8080-exec-2] Initializing Spring DispatcherServlet 'dispatcherServlet'
04/abr./2023 04:29:27 INFO org.springframework.web.servlet.FrameworkServlet [http-nio-8080-exec-2] Initializing Servlet 'dispatcherServlet'
04/abr./2023 04:29:27 INFO org.springframework.web.servlet.FrameworkServlet [http-nio-8080-exec-2] Completed initialization in 1 ms
04/abr./2023 04:42:00 INFO org.springframework.orm.jpa.AbstractEntityManagerFactoryBean [SpringApplicationShutdownHook] Closing JPA EntityManagerFactory for persistence unit 'default'
04/abr./2023 04:42:00 INFO com.zaxxer.hikari.HikariDataSource [SpringApplicationShutdownHook] HikariPool-1 - Shutdown initiated...
04/abr./2023 04:42:00 INFO com.zaxxer.hikari.HikariDataSource [SpringApplicationShutdownHook] HikariPool-1 - Shutdown completed.
04/abr./2023 04:42:09 INFO org.hibernate.validator.internal.util.Version [background-preinit] HV000001: Hibernate Validator 6.2.5.Final
04/abr./2023 04:42:09 INFO org.springframework.boot.StartupInfoLogger [main] Starting TextOrganicerAppApplication using Java 11.0.18 on NBOOT36 with PID 144 (C:\Users\lmarenco\text-organicer-app\target\classes started by lmarenco in C:\Users\lmarenco\text-organicer-app)
04/abr./2023 04:42:09 INFO org.springframework.boot.SpringApplication [main] No active profile set, falling back to 1 default profile: "default"
04/abr./2023 04:42:10 INFO org.springframework.data.repository.config.RepositoryConfigurationDelegate [main] Bootstrapping Spring Data JPA repositories in DEFAULT mode.
04/abr./2023 04:42:10 INFO org.springframework.data.repository.config.RepositoryConfigurationDelegate [main] Finished Spring Data repository scanning in 72 ms. Found 5 JPA repository interfaces.
04/abr./2023 04:42:10 INFO org.springframework.boot.web.embedded.tomcat.TomcatWebServer [main] Tomcat initialized with port(s): 8080 (http)
04/abr./2023 04:42:11 INFO org.apache.juli.logging.DirectJDKLog [main] Initializing ProtocolHandler ["http-nio-8080"]
04/abr./2023 04:42:11 INFO org.apache.juli.logging.DirectJDKLog [main] Starting service [Tomcat]
04/abr./2023 04:42:11 INFO org.apache.juli.logging.DirectJDKLog [main] Starting Servlet engine: [Apache Tomcat/9.0.71]
04/abr./2023 04:42:11 INFO org.apache.juli.logging.DirectJDKLog [main] Initializing Spring embedded WebApplicationContext
04/abr./2023 04:42:11 INFO org.springframework.boot.web.servlet.context.ServletWebServerApplicationContext [main] Root WebApplicationContext: initialization completed in 1724 ms
04/abr./2023 04:42:11 INFO org.hibernate.jpa.internal.util.LogHelper [main] HHH000204: Processing PersistenceUnitInfo [name: default]
04/abr./2023 04:42:11 INFO org.hibernate.Version [main] HHH000412: Hibernate ORM core version 5.6.15.Final
04/abr./2023 04:42:11 INFO org.hibernate.annotations.common.reflection.java.JavaReflectionManager [main] HCANN000001: Hibernate Commons Annotations {5.1.2.Final}
04/abr./2023 04:42:11 INFO com.zaxxer.hikari.HikariDataSource [main] HikariPool-1 - Starting...
04/abr./2023 04:42:11 INFO com.zaxxer.hikari.HikariDataSource [main] HikariPool-1 - Start completed.
04/abr./2023 04:42:11 INFO org.hibernate.dialect.Dialect [main] HHH000400: Using dialect: org.hibernate.dialect.MySQL55Dialect
04/abr./2023 04:42:12 INFO org.hibernate.engine.transaction.jta.platform.internal.JtaPlatformInitiator [main] HHH000490: Using JtaPlatform implementation: [org.hibernate.engine.transaction.jta.platform.internal.NoJtaPlatform]
04/abr./2023 04:42:12 INFO org.springframework.orm.jpa.AbstractEntityManagerFactoryBean [main] Initialized JPA EntityManagerFactory for persistence unit 'default'
04/abr./2023 04:42:12 WARN org.springframework.boot.autoconfigure.orm.jpa.JpaBaseConfiguration$JpaWebConfiguration [main] spring.jpa.open-in-view is enabled by default. Therefore, database queries may be performed during view rendering. Explicitly configure spring.jpa.open-in-view to disable this warning
04/abr./2023 04:42:13 INFO org.apache.juli.logging.DirectJDKLog [main] Starting ProtocolHandler ["http-nio-8080"]
04/abr./2023 04:42:13 INFO org.springframework.boot.web.embedded.tomcat.TomcatWebServer [main] Tomcat started on port(s): 8080 (http) with context path ''
04/abr./2023 04:42:13 INFO org.springframework.boot.StartupInfoLogger [main] Started TextOrganicerAppApplication in 4.372 seconds (JVM running for 5.824)
