25/mar./2023 12:52:22 INFO org.springframework.boot.StartupInfoLogger [main] Starting TextOrganicerAppApplication using Java 11.0.18 on NBOOT36 with PID 23440 (C:\Users\lmarenco\text-organicer-app\target\classes started by lmarenco in C:\Users\lmarenco\text-organicer-app)
25/mar./2023 12:52:22 INFO org.hibernate.validator.internal.util.Version [background-preinit] HV000001: Hibernate Validator 6.2.5.Final
25/mar./2023 12:52:22 INFO org.springframework.boot.SpringApplication [main] No active profile set, falling back to 1 default profile: "default"
25/mar./2023 12:52:23 INFO org.springframework.data.repository.config.RepositoryConfigurationDelegate [main] Bootstrapping Spring Data JPA repositories in DEFAULT mode.
25/mar./2023 12:52:23 INFO org.springframework.data.repository.config.RepositoryConfigurationDelegate [main] Finished Spring Data repository scanning in 95 ms. Found 5 JPA repository interfaces.
25/mar./2023 12:52:24 INFO org.springframework.boot.web.embedded.tomcat.TomcatWebServer [main] Tomcat initialized with port(s): 8080 (http)
25/mar./2023 12:52:24 INFO org.apache.juli.logging.DirectJDKLog [main] Initializing ProtocolHandler ["http-nio-8080"]
25/mar./2023 12:52:24 INFO org.apache.juli.logging.DirectJDKLog [main] Starting service [Tomcat]
25/mar./2023 12:52:24 INFO org.apache.juli.logging.DirectJDKLog [main] Starting Servlet engine: [Apache Tomcat/9.0.71]
25/mar./2023 12:52:24 INFO org.apache.juli.logging.DirectJDKLog [main] Initializing Spring embedded WebApplicationContext
25/mar./2023 12:52:24 INFO org.springframework.boot.web.servlet.context.ServletWebServerApplicationContext [main] Root WebApplicationContext: initialization completed in 2301 ms
25/mar./2023 12:52:24 INFO org.hibernate.jpa.internal.util.LogHelper [main] HHH000204: Processing PersistenceUnitInfo [name: default]
25/mar./2023 12:52:24 INFO org.hibernate.Version [main] HHH000412: Hibernate ORM core version 5.6.15.Final
25/mar./2023 12:52:24 INFO org.hibernate.annotations.common.reflection.java.JavaReflectionManager [main] HCANN000001: Hibernate Commons Annotations {5.1.2.Final}
25/mar./2023 12:52:25 INFO com.zaxxer.hikari.HikariDataSource [main] HikariPool-1 - Starting...
25/mar./2023 12:52:25 INFO com.zaxxer.hikari.HikariDataSource [main] HikariPool-1 - Start completed.
25/mar./2023 12:52:25 INFO org.hibernate.dialect.Dialect [main] HHH000400: Using dialect: org.hibernate.dialect.MySQL55Dialect
25/mar./2023 12:52:26 INFO org.hibernate.engine.transaction.jta.platform.internal.JtaPlatformInitiator [main] HHH000490: Using JtaPlatform implementation: [org.hibernate.engine.transaction.jta.platform.internal.NoJtaPlatform]
25/mar./2023 12:52:26 INFO org.springframework.orm.jpa.AbstractEntityManagerFactoryBean [main] Initialized JPA EntityManagerFactory for persistence unit 'default'
25/mar./2023 12:52:29 WARN org.springframework.boot.autoconfigure.orm.jpa.JpaBaseConfiguration$JpaWebConfiguration [main] spring.jpa.open-in-view is enabled by default. Therefore, database queries may be performed during view rendering. Explicitly configure spring.jpa.open-in-view to disable this warning
25/mar./2023 12:52:30 INFO org.apache.juli.logging.DirectJDKLog [main] Starting ProtocolHandler ["http-nio-8080"]
25/mar./2023 12:52:30 INFO org.springframework.boot.web.embedded.tomcat.TomcatWebServer [main] Tomcat started on port(s): 8080 (http) with context path ''
25/mar./2023 12:52:31 INFO org.springframework.boot.StartupInfoLogger [main] Started TextOrganicerAppApplication in 9.33 seconds (JVM running for 13.004)
25/mar./2023 12:58:17 INFO org.apache.juli.logging.DirectJDKLog [http-nio-8080-exec-1] Initializing Spring DispatcherServlet 'dispatcherServlet'
25/mar./2023 12:58:17 INFO org.springframework.web.servlet.FrameworkServlet [http-nio-8080-exec-1] Initializing Servlet 'dispatcherServlet'
25/mar./2023 12:58:17 INFO org.springframework.web.servlet.FrameworkServlet [http-nio-8080-exec-1] Completed initialization in 1 ms
25/mar./2023 12:58:17 INFO com.textorganicer.controlador.UserController [http-nio-8080-exec-2] postUser - UserPostDTO(id=3, username=Demo, imagen=null, token=d7ca4750-1530-449d-a6f3-9284c0b213b4)
25/mar./2023 12:58:17 INFO com.textorganicer.controlador.UserPrivateController [http-nio-8080-exec-4] postUserPrivate - UserPrivateDTO(id=3, user_id=3, mail=demo@gmail, password=$2a$10$bUszx/Hhzbvwo7VceK1m/usP9ZMi8qVa9yOQ/aMOhoiWojZy3EHcG)
25/mar./2023 12:58:17 INFO com.textorganicer.controlador.UserController [http-nio-8080-exec-10] validateToken - UserDTO(id=3, username=Demo, imagen=null, token=d7ca4750-1530-449d-a6f3-9284c0b213b4, folders=[])
25/mar./2023 12:58:17 INFO com.textorganicer.controlador.UserController [http-nio-8080-exec-9] validateToken - UserDTO(id=3, username=Demo, imagen=null, token=d7ca4750-1530-449d-a6f3-9284c0b213b4, folders=[])
25/mar./2023 12:58:17 INFO com.textorganicer.controlador.UserController [http-nio-8080-exec-6] validateToken - UserDTO(id=3, username=Demo, imagen=null, token=d7ca4750-1530-449d-a6f3-9284c0b213b4, folders=[])
25/mar./2023 12:58:52 INFO com.textorganicer.controlador.FolderController [http-nio-8080-exec-4] newFolder - FolderDTO(id=6, nombre=Carpeta uno, is_public=false, id_user=3)
25/mar./2023 12:58:52 INFO com.textorganicer.controlador.RoleController [http-nio-8080-exec-7] newRole - RoleDTO(id=7, id_user=3, id_folder=6, role_type=owner)
25/mar./2023 12:58:55 INFO com.textorganicer.controlador.PageController [http-nio-8080-exec-10] newFolder - PageDTO(id=13, page_order=null, titulo=Ingrese un titulo, subtitulo=Ingrese un subtitulo descriptivo del texto, recomendamos que no exceda las 3 lineas, firma=Ingrese un firma, recomendamos nombre y fecha, contenido=Ingrese el contenido, el texto tiene autoguardado por lo cual tenga cuidado al retirarse de la página., id_folder=6)
25/mar./2023 12:59:10 INFO com.textorganicer.controlador.PageController [http-nio-8080-exec-2] updatePage: 13
25/mar./2023 12:59:18 INFO com.textorganicer.controlador.PageController [http-nio-8080-exec-5] updatePage: 13
25/mar./2023 12:59:27 INFO com.textorganicer.controlador.PageController [http-nio-8080-exec-7] updatePage: 13
25/mar./2023 12:59:41 INFO com.textorganicer.controlador.PageController [http-nio-8080-exec-8] updatePage: 13
25/mar./2023 01:15:28 INFO com.textorganicer.controlador.PageController [http-nio-8080-exec-10] updatePage: 13
25/mar./2023 01:28:58 WARN com.zaxxer.hikari.pool.HikariPool$HouseKeeper [HikariPool-1 housekeeper] HikariPool-1 - Thread starvation or clock leap detected (housekeeper delta=13m32s298ms673µs400ns).
25/mar./2023 01:29:06 INFO com.textorganicer.controlador.PageController [http-nio-8080-exec-1] updatePage: 13
25/mar./2023 01:30:33 INFO com.textorganicer.controlador.UserController [http-nio-8080-exec-7] postUser - UserPostDTO(id=4, username=DemoTon, imagen=null, token=96e458f5-984f-4721-a47d-0085d9b75b58)
25/mar./2023 01:30:33 INFO com.textorganicer.controlador.UserPrivateController [http-nio-8080-exec-6] postUserPrivate - UserPrivateDTO(id=4, user_id=4, mail=dometon@gmail, password=$2a$10$PTbPplZegAWAHl6e1k.vku4DSHApqn.pLgOZLTVC7oHk/OXSgjpTy)
25/mar./2023 01:30:33 INFO com.textorganicer.controlador.UserController [http-nio-8080-exec-2] validateToken - UserDTO(id=4, username=DemoTon, imagen=null, token=96e458f5-984f-4721-a47d-0085d9b75b58, folders=[])
25/mar./2023 01:30:33 INFO com.textorganicer.controlador.UserController [http-nio-8080-exec-3] validateToken - UserDTO(id=4, username=DemoTon, imagen=null, token=96e458f5-984f-4721-a47d-0085d9b75b58, folders=[])
25/mar./2023 01:30:33 INFO com.textorganicer.controlador.UserController [http-nio-8080-exec-4] validateToken - UserDTO(id=4, username=DemoTon, imagen=null, token=96e458f5-984f-4721-a47d-0085d9b75b58, folders=[])
25/mar./2023 01:31:02 INFO com.textorganicer.controlador.FolderController [http-nio-8080-exec-6] newFolder - FolderDTO(id=7, nombre=Primer carpeta, is_public=false, id_user=4)
25/mar./2023 01:31:02 INFO com.textorganicer.controlador.RoleController [http-nio-8080-exec-9] newRole - RoleDTO(id=8, id_user=4, id_folder=7, role_type=owner)
25/mar./2023 01:31:06 INFO com.textorganicer.controlador.PageController [http-nio-8080-exec-3] newFolder - PageDTO(id=14, page_order=null, titulo=Ingrese un titulo, subtitulo=Ingrese un subtitulo descriptivo del texto, recomendamos que no exceda las 3 lineas, firma=Ingrese un firma, recomendamos nombre y fecha, contenido=Ingrese el contenido, el texto tiene autoguardado por lo cual tenga cuidado al retirarse de la página., id_folder=7)
25/mar./2023 01:31:11 INFO com.textorganicer.controlador.PageController [http-nio-8080-exec-7] updatePage: 14
25/mar./2023 01:31:18 INFO com.textorganicer.controlador.PageController [http-nio-8080-exec-8] updatePage: 14
25/mar./2023 01:31:20 INFO com.textorganicer.controlador.PageController [http-nio-8080-exec-6] updatePage: 14
25/mar./2023 01:31:20 INFO com.textorganicer.controlador.PageController [http-nio-8080-exec-10] updatePage: 14
25/mar./2023 01:31:33 INFO com.textorganicer.controlador.PageController [http-nio-8080-exec-9] updatePage: 14
25/mar./2023 01:31:37 INFO com.textorganicer.controlador.PageController [http-nio-8080-exec-3] updatePage: 14
25/mar./2023 01:32:48 INFO com.textorganicer.controlador.UserController [http-nio-8080-exec-7] postUser - UserPostDTO(id=5, username=Demo_t, imagen=null, token=0d027c78-b3e3-467a-879b-5cebb5037580)
25/mar./2023 01:32:48 INFO com.textorganicer.controlador.UserPrivateController [http-nio-8080-exec-6] postUserPrivate - UserPrivateDTO(id=5, user_id=5, mail=demot@mail.com, password=$2a$10$XbpI.0VKPp1vkcdygAnj8emItHz888i9q8Ppt8F94AI/uvU0M3VzW)
25/mar./2023 01:32:48 INFO com.textorganicer.controlador.UserController [http-nio-8080-exec-2] validateToken - UserDTO(id=5, username=Demo_t, imagen=null, token=0d027c78-b3e3-467a-879b-5cebb5037580, folders=[])
25/mar./2023 01:32:48 INFO com.textorganicer.controlador.UserController [http-nio-8080-exec-3] validateToken - UserDTO(id=5, username=Demo_t, imagen=null, token=0d027c78-b3e3-467a-879b-5cebb5037580, folders=[])
25/mar./2023 01:32:48 INFO com.textorganicer.controlador.UserController [http-nio-8080-exec-4] validateToken - UserDTO(id=5, username=Demo_t, imagen=null, token=0d027c78-b3e3-467a-879b-5cebb5037580, folders=[])
25/mar./2023 01:33:17 INFO com.textorganicer.controlador.FolderController [http-nio-8080-exec-6] newFolder - FolderDTO(id=8, nombre=Rxjs, is_public=false, id_user=5)
25/mar./2023 01:33:17 INFO com.textorganicer.controlador.RoleController [http-nio-8080-exec-1] newRole - RoleDTO(id=9, id_user=5, id_folder=8, role_type=owner)
25/mar./2023 01:33:20 INFO com.textorganicer.controlador.PageController [http-nio-8080-exec-4] newFolder - PageDTO(id=15, page_order=null, titulo=Ingrese un titulo, subtitulo=Ingrese un subtitulo descriptivo del texto, recomendamos que no exceda las 3 lineas, firma=Ingrese un firma, recomendamos nombre y fecha, contenido=Ingrese el contenido, el texto tiene autoguardado por lo cual tenga cuidado al retirarse de la página., id_folder=8)
25/mar./2023 01:33:33 INFO com.textorganicer.controlador.PageController [http-nio-8080-exec-7] updatePage: 15
25/mar./2023 01:33:39 INFO com.textorganicer.controlador.PageController [http-nio-8080-exec-8] updatePage: 15
25/mar./2023 01:33:45 INFO com.textorganicer.controlador.PageController [http-nio-8080-exec-6] updatePage: 15
25/mar./2023 01:33:47 INFO com.textorganicer.controlador.UserController [http-nio-8080-exec-10] validateToken - UserDTO(id=5, username=Demo_t, imagen=null, token=0d027c78-b3e3-467a-879b-5cebb5037580, folders=[FolderDTO(id=8, nombre=Rxjs, is_public=false, id_user=5)])
25/mar./2023 01:33:47 INFO com.textorganicer.controlador.UserController [http-nio-8080-exec-1] validateToken - UserDTO(id=5, username=Demo_t, imagen=null, token=0d027c78-b3e3-467a-879b-5cebb5037580, folders=[FolderDTO(id=8, nombre=Rxjs, is_public=false, id_user=5)])
25/mar./2023 01:33:47 INFO com.textorganicer.controlador.UserController [http-nio-8080-exec-9] validateToken - UserDTO(id=5, username=Demo_t, imagen=null, token=0d027c78-b3e3-467a-879b-5cebb5037580, folders=[FolderDTO(id=8, nombre=Rxjs, is_public=false, id_user=5)])
25/mar./2023 01:33:52 INFO com.textorganicer.controlador.PageController [http-nio-8080-exec-5] newFolder - PageDTO(id=16, page_order=null, titulo=Ingrese un titulo, subtitulo=Ingrese un subtitulo descriptivo del texto, recomendamos que no exceda las 3 lineas, firma=Ingrese un firma, recomendamos nombre y fecha, contenido=Ingrese el contenido, el texto tiene autoguardado por lo cual tenga cuidado al retirarse de la página., id_folder=8)
25/mar./2023 01:33:58 INFO com.textorganicer.controlador.PageController [http-nio-8080-exec-6] updatePage: 16
25/mar./2023 01:34:06 INFO com.textorganicer.controlador.PageController [http-nio-8080-exec-10] updatePage: 16
25/mar./2023 01:34:12 INFO com.textorganicer.controlador.PageController [http-nio-8080-exec-1] updatePage: 16
25/mar./2023 01:34:13 INFO com.textorganicer.controlador.UserController [http-nio-8080-exec-9] validateToken - UserDTO(id=5, username=Demo_t, imagen=null, token=0d027c78-b3e3-467a-879b-5cebb5037580, folders=[FolderDTO(id=8, nombre=Rxjs, is_public=false, id_user=5)])
25/mar./2023 01:34:13 INFO com.textorganicer.controlador.UserController [http-nio-8080-exec-2] validateToken - UserDTO(id=5, username=Demo_t, imagen=null, token=0d027c78-b3e3-467a-879b-5cebb5037580, folders=[FolderDTO(id=8, nombre=Rxjs, is_public=false, id_user=5)])
25/mar./2023 01:34:13 INFO com.textorganicer.controlador.UserController [http-nio-8080-exec-4] validateToken - UserDTO(id=5, username=Demo_t, imagen=null, token=0d027c78-b3e3-467a-879b-5cebb5037580, folders=[FolderDTO(id=8, nombre=Rxjs, is_public=false, id_user=5)])
25/mar./2023 01:34:27 INFO com.textorganicer.controlador.RoleController [http-nio-8080-exec-10] newRole - RoleDTO(id=10, id_user=1, id_folder=8, role_type=collaborator)
25/mar./2023 01:34:40 INFO com.textorganicer.controlador.UserPrivateController [http-nio-8080-exec-2] login - UserDTO(id=1, username=Laureano, imagen=null, token=4c0755ea-21cd-4a32-96d2-3a6de72c5b2c, folders=[FolderDTO(id=1, nombre=TextOrganicer DOC, is_public=false, id_user=1), FolderDTO(id=3, nombre=Editor de textos, is_public=false, id_user=1), FolderDTO(id=4, nombre=Shortcuts, is_public=false, id_user=1), FolderDTO(id=5, nombre=Cancionero, is_public=false, id_user=1)])
25/mar./2023 01:34:40 INFO com.textorganicer.controlador.UserController [http-nio-8080-exec-6] validateToken - UserDTO(id=1, username=Laureano, imagen=null, token=4c0755ea-21cd-4a32-96d2-3a6de72c5b2c, folders=[FolderDTO(id=1, nombre=TextOrganicer DOC, is_public=false, id_user=1), FolderDTO(id=3, nombre=Editor de textos, is_public=false, id_user=1), FolderDTO(id=4, nombre=Shortcuts, is_public=false, id_user=1), FolderDTO(id=5, nombre=Cancionero, is_public=false, id_user=1)])
25/mar./2023 01:34:40 INFO com.textorganicer.controlador.UserController [http-nio-8080-exec-7] validateToken - UserDTO(id=1, username=Laureano, imagen=null, token=4c0755ea-21cd-4a32-96d2-3a6de72c5b2c, folders=[FolderDTO(id=1, nombre=TextOrganicer DOC, is_public=false, id_user=1), FolderDTO(id=3, nombre=Editor de textos, is_public=false, id_user=1), FolderDTO(id=4, nombre=Shortcuts, is_public=false, id_user=1), FolderDTO(id=5, nombre=Cancionero, is_public=false, id_user=1)])
25/mar./2023 01:34:40 INFO com.textorganicer.controlador.UserController [http-nio-8080-exec-8] validateToken - UserDTO(id=1, username=Laureano, imagen=null, token=4c0755ea-21cd-4a32-96d2-3a6de72c5b2c, folders=[FolderDTO(id=1, nombre=TextOrganicer DOC, is_public=false, id_user=1), FolderDTO(id=3, nombre=Editor de textos, is_public=false, id_user=1), FolderDTO(id=4, nombre=Shortcuts, is_public=false, id_user=1), FolderDTO(id=5, nombre=Cancionero, is_public=false, id_user=1)])
25/mar./2023 01:34:57 INFO com.textorganicer.controlador.PageController [http-nio-8080-exec-5] updatePage: 16
25/mar./2023 01:34:58 INFO com.textorganicer.controlador.PageController [http-nio-8080-exec-4] updatePage: 16
25/mar./2023 01:34:58 INFO com.textorganicer.controlador.PageController [http-nio-8080-exec-8] updatePage: 16
25/mar./2023 01:35:03 INFO com.textorganicer.controlador.PageController [http-nio-8080-exec-6] updatePage: 16
25/mar./2023 01:35:13 INFO com.textorganicer.controlador.PageController [http-nio-8080-exec-7] updatePage: 16
25/mar./2023 01:35:37 INFO com.textorganicer.controlador.FolderController [http-nio-8080-exec-3] updateFolder: FolderDTO(id=3, nombre=Editor de textos, is_public=true, id_user=1)
25/mar./2023 01:35:49 INFO com.textorganicer.controlador.UserController [http-nio-8080-exec-2] validateToken - UserDTO(id=1, username=Laureano, imagen=null, token=4c0755ea-21cd-4a32-96d2-3a6de72c5b2c, folders=[FolderDTO(id=1, nombre=TextOrganicer DOC, is_public=false, id_user=1), FolderDTO(id=3, nombre=Editor de textos, is_public=true, id_user=1), FolderDTO(id=4, nombre=Shortcuts, is_public=false, id_user=1), FolderDTO(id=5, nombre=Cancionero, is_public=false, id_user=1)])
25/mar./2023 01:35:49 INFO com.textorganicer.controlador.UserController [http-nio-8080-exec-9] validateToken - UserDTO(id=1, username=Laureano, imagen=null, token=4c0755ea-21cd-4a32-96d2-3a6de72c5b2c, folders=[FolderDTO(id=1, nombre=TextOrganicer DOC, is_public=false, id_user=1), FolderDTO(id=3, nombre=Editor de textos, is_public=true, id_user=1), FolderDTO(id=4, nombre=Shortcuts, is_public=false, id_user=1), FolderDTO(id=5, nombre=Cancionero, is_public=false, id_user=1)])
25/mar./2023 01:35:49 INFO com.textorganicer.controlador.UserController [http-nio-8080-exec-3] validateToken - UserDTO(id=1, username=Laureano, imagen=null, token=4c0755ea-21cd-4a32-96d2-3a6de72c5b2c, folders=[FolderDTO(id=1, nombre=TextOrganicer DOC, is_public=false, id_user=1), FolderDTO(id=3, nombre=Editor de textos, is_public=true, id_user=1), FolderDTO(id=4, nombre=Shortcuts, is_public=false, id_user=1), FolderDTO(id=5, nombre=Cancionero, is_public=false, id_user=1)])
25/mar./2023 01:35:58 INFO com.textorganicer.controlador.UserController [http-nio-8080-exec-6] validateToken - UserDTO(id=1, username=Laureano, imagen=null, token=4c0755ea-21cd-4a32-96d2-3a6de72c5b2c, folders=[FolderDTO(id=1, nombre=TextOrganicer DOC, is_public=false, id_user=1), FolderDTO(id=3, nombre=Editor de textos, is_public=true, id_user=1), FolderDTO(id=4, nombre=Shortcuts, is_public=false, id_user=1), FolderDTO(id=5, nombre=Cancionero, is_public=false, id_user=1)])
25/mar./2023 01:35:58 INFO com.textorganicer.controlador.UserController [http-nio-8080-exec-8] validateToken - UserDTO(id=1, username=Laureano, imagen=null, token=4c0755ea-21cd-4a32-96d2-3a6de72c5b2c, folders=[FolderDTO(id=1, nombre=TextOrganicer DOC, is_public=false, id_user=1), FolderDTO(id=3, nombre=Editor de textos, is_public=true, id_user=1), FolderDTO(id=4, nombre=Shortcuts, is_public=false, id_user=1), FolderDTO(id=5, nombre=Cancionero, is_public=false, id_user=1)])
25/mar./2023 01:35:58 INFO com.textorganicer.controlador.UserController [http-nio-8080-exec-7] validateToken - UserDTO(id=1, username=Laureano, imagen=null, token=4c0755ea-21cd-4a32-96d2-3a6de72c5b2c, folders=[FolderDTO(id=1, nombre=TextOrganicer DOC, is_public=false, id_user=1), FolderDTO(id=3, nombre=Editor de textos, is_public=true, id_user=1), FolderDTO(id=4, nombre=Shortcuts, is_public=false, id_user=1), FolderDTO(id=5, nombre=Cancionero, is_public=false, id_user=1)])
25/mar./2023 01:36:17 INFO com.textorganicer.controlador.PageController [http-nio-8080-exec-5] updatePage: 16
25/mar./2023 01:36:19 INFO com.textorganicer.controlador.UserController [http-nio-8080-exec-4] validateToken - UserDTO(id=1, username=Laureano, imagen=null, token=4c0755ea-21cd-4a32-96d2-3a6de72c5b2c, folders=[FolderDTO(id=1, nombre=TextOrganicer DOC, is_public=false, id_user=1), FolderDTO(id=3, nombre=Editor de textos, is_public=true, id_user=1), FolderDTO(id=4, nombre=Shortcuts, is_public=false, id_user=1), FolderDTO(id=5, nombre=Cancionero, is_public=false, id_user=1)])
25/mar./2023 01:36:19 INFO com.textorganicer.controlador.UserController [http-nio-8080-exec-8] validateToken - UserDTO(id=1, username=Laureano, imagen=null, token=4c0755ea-21cd-4a32-96d2-3a6de72c5b2c, folders=[FolderDTO(id=1, nombre=TextOrganicer DOC, is_public=false, id_user=1), FolderDTO(id=3, nombre=Editor de textos, is_public=true, id_user=1), FolderDTO(id=4, nombre=Shortcuts, is_public=false, id_user=1), FolderDTO(id=5, nombre=Cancionero, is_public=false, id_user=1)])
25/mar./2023 01:36:19 INFO com.textorganicer.controlador.UserController [http-nio-8080-exec-6] validateToken - UserDTO(id=1, username=Laureano, imagen=null, token=4c0755ea-21cd-4a32-96d2-3a6de72c5b2c, folders=[FolderDTO(id=1, nombre=TextOrganicer DOC, is_public=false, id_user=1), FolderDTO(id=3, nombre=Editor de textos, is_public=true, id_user=1), FolderDTO(id=4, nombre=Shortcuts, is_public=false, id_user=1), FolderDTO(id=5, nombre=Cancionero, is_public=false, id_user=1)])
25/mar./2023 01:40:20 INFO com.textorganicer.controlador.RoleController [http-nio-8080-exec-4] deleteRole - 10
25/mar./2023 01:42:01 INFO com.textorganicer.controlador.UserController [http-nio-8080-exec-7] postUser - UserPostDTO(id=6, username=DemoTt, imagen=null, token=2fd2ca7d-2321-4663-aafa-6fdec43b6fbf)
25/mar./2023 01:42:01 INFO com.textorganicer.controlador.UserPrivateController [http-nio-8080-exec-1] postUserPrivate - UserPrivateDTO(id=6, user_id=6, mail=demott@mail, password=$2a$10$BvHphtxQYfeX63tgsUfRt.PZeLpZrHl0tRazhmrr1J0pcF4QaBdxS)
25/mar./2023 01:42:01 INFO com.textorganicer.controlador.UserController [http-nio-8080-exec-5] validateToken - UserDTO(id=6, username=DemoTt, imagen=null, token=2fd2ca7d-2321-4663-aafa-6fdec43b6fbf, folders=[])
25/mar./2023 01:42:01 INFO com.textorganicer.controlador.UserController [http-nio-8080-exec-4] validateToken - UserDTO(id=6, username=DemoTt, imagen=null, token=2fd2ca7d-2321-4663-aafa-6fdec43b6fbf, folders=[])
25/mar./2023 01:42:01 INFO com.textorganicer.controlador.UserController [http-nio-8080-exec-8] validateToken - UserDTO(id=6, username=DemoTt, imagen=null, token=2fd2ca7d-2321-4663-aafa-6fdec43b6fbf, folders=[])
25/mar./2023 01:42:25 INFO com.textorganicer.controlador.FolderController [http-nio-8080-exec-1] newFolder - FolderDTO(id=9, nombre=Rxjs, is_public=false, id_user=6)
25/mar./2023 01:42:25 INFO com.textorganicer.controlador.RoleController [http-nio-8080-exec-9] newRole - RoleDTO(id=11, id_user=6, id_folder=9, role_type=owner)
25/mar./2023 01:42:28 INFO com.textorganicer.controlador.PageController [http-nio-8080-exec-4] newFolder - PageDTO(id=17, page_order=null, titulo=Ingrese un titulo, subtitulo=Ingrese un subtitulo descriptivo del texto, recomendamos que no exceda las 3 lineas, firma=Ingrese un firma, recomendamos nombre y fecha, contenido=Ingrese el contenido, el texto tiene autoguardado por lo cual tenga cuidado al retirarse de la página., id_folder=9)
25/mar./2023 01:42:39 INFO com.textorganicer.controlador.PageController [http-nio-8080-exec-7] updatePage: 17
25/mar./2023 01:42:43 INFO com.textorganicer.controlador.PageController [http-nio-8080-exec-10] updatePage: 17
25/mar./2023 01:42:49 INFO com.textorganicer.controlador.PageController [http-nio-8080-exec-1] updatePage: 17
25/mar./2023 01:42:50 INFO com.textorganicer.controlador.UserController [http-nio-8080-exec-3] validateToken - UserDTO(id=6, username=DemoTt, imagen=null, token=2fd2ca7d-2321-4663-aafa-6fdec43b6fbf, folders=[FolderDTO(id=9, nombre=Rxjs, is_public=false, id_user=6)])
25/mar./2023 01:42:50 INFO com.textorganicer.controlador.UserController [http-nio-8080-exec-2] validateToken - UserDTO(id=6, username=DemoTt, imagen=null, token=2fd2ca7d-2321-4663-aafa-6fdec43b6fbf, folders=[FolderDTO(id=9, nombre=Rxjs, is_public=false, id_user=6)])
25/mar./2023 01:42:50 INFO com.textorganicer.controlador.UserController [http-nio-8080-exec-9] validateToken - UserDTO(id=6, username=DemoTt, imagen=null, token=2fd2ca7d-2321-4663-aafa-6fdec43b6fbf, folders=[FolderDTO(id=9, nombre=Rxjs, is_public=false, id_user=6)])
25/mar./2023 01:42:56 INFO com.textorganicer.controlador.PageController [http-nio-8080-exec-6] newFolder - PageDTO(id=18, page_order=null, titulo=Ingrese un titulo, subtitulo=Ingrese un subtitulo descriptivo del texto, recomendamos que no exceda las 3 lineas, firma=Ingrese un firma, recomendamos nombre y fecha, contenido=Ingrese el contenido, el texto tiene autoguardado por lo cual tenga cuidado al retirarse de la página., id_folder=9)
25/mar./2023 01:43:06 INFO com.textorganicer.controlador.PageController [http-nio-8080-exec-1] updatePage: 18
25/mar./2023 01:43:12 INFO com.textorganicer.controlador.PageController [http-nio-8080-exec-3] updatePage: 18
25/mar./2023 01:43:15 INFO com.textorganicer.controlador.PageController [http-nio-8080-exec-2] updatePage: 18
25/mar./2023 01:44:19 INFO com.textorganicer.controlador.UserController [http-nio-8080-exec-8] postUser - UserPostDTO(id=7, username=TextOrganicer, imagen=null, token=690da7c2-7e41-465a-8e4f-17cbf6f9f656)
25/mar./2023 01:44:19 INFO com.textorganicer.controlador.UserPrivateController [http-nio-8080-exec-7] postUserPrivate - UserPrivateDTO(id=7, user_id=7, mail=textorg@mail, password=$2a$10$.5/22ECBRveJwjYLLcWh2ud1mq//udP45fHEaxnPl0F41nkDKqJLi)
25/mar./2023 01:44:19 INFO com.textorganicer.controlador.UserController [http-nio-8080-exec-2] validateToken - UserDTO(id=7, username=TextOrganicer, imagen=null, token=690da7c2-7e41-465a-8e4f-17cbf6f9f656, folders=[])
25/mar./2023 01:44:19 INFO com.textorganicer.controlador.UserController [http-nio-8080-exec-4] validateToken - UserDTO(id=7, username=TextOrganicer, imagen=null, token=690da7c2-7e41-465a-8e4f-17cbf6f9f656, folders=[])
25/mar./2023 01:44:19 INFO com.textorganicer.controlador.UserController [http-nio-8080-exec-9] validateToken - UserDTO(id=7, username=TextOrganicer, imagen=null, token=690da7c2-7e41-465a-8e4f-17cbf6f9f656, folders=[])
25/mar./2023 01:44:44 INFO com.textorganicer.controlador.FolderController [http-nio-8080-exec-7] newFolder - FolderDTO(id=10, nombre=Rxjs, is_public=false, id_user=7)
25/mar./2023 01:44:44 INFO com.textorganicer.controlador.RoleController [http-nio-8080-exec-3] newRole - RoleDTO(id=12, id_user=7, id_folder=10, role_type=owner)
25/mar./2023 01:44:47 INFO com.textorganicer.controlador.PageController [http-nio-8080-exec-9] newFolder - PageDTO(id=19, page_order=null, titulo=Ingrese un titulo, subtitulo=Ingrese un subtitulo descriptivo del texto, recomendamos que no exceda las 3 lineas, firma=Ingrese un firma, recomendamos nombre y fecha, contenido=Ingrese el contenido, el texto tiene autoguardado por lo cual tenga cuidado al retirarse de la página., id_folder=10)
25/mar./2023 01:44:55 INFO com.textorganicer.controlador.PageController [http-nio-8080-exec-8] updatePage: 19
25/mar./2023 01:45:04 INFO com.textorganicer.controlador.PageController [http-nio-8080-exec-6] updatePage: 19
25/mar./2023 01:45:12 INFO com.textorganicer.controlador.PageController [http-nio-8080-exec-7] updatePage: 19
25/mar./2023 01:45:15 INFO com.textorganicer.controlador.UserController [http-nio-8080-exec-10] validateToken - UserDTO(id=7, username=TextOrganicer, imagen=null, token=690da7c2-7e41-465a-8e4f-17cbf6f9f656, folders=[FolderDTO(id=10, nombre=Rxjs, is_public=false, id_user=7)])
25/mar./2023 01:45:15 INFO com.textorganicer.controlador.UserController [http-nio-8080-exec-3] validateToken - UserDTO(id=7, username=TextOrganicer, imagen=null, token=690da7c2-7e41-465a-8e4f-17cbf6f9f656, folders=[FolderDTO(id=10, nombre=Rxjs, is_public=false, id_user=7)])
25/mar./2023 01:45:15 INFO com.textorganicer.controlador.UserController [http-nio-8080-exec-1] validateToken - UserDTO(id=7, username=TextOrganicer, imagen=null, token=690da7c2-7e41-465a-8e4f-17cbf6f9f656, folders=[FolderDTO(id=10, nombre=Rxjs, is_public=false, id_user=7)])
25/mar./2023 01:45:32 INFO com.textorganicer.controlador.RoleController [http-nio-8080-exec-7] newRole - RoleDTO(id=13, id_user=1, id_folder=10, role_type=collaborator)
25/mar./2023 01:45:50 INFO com.textorganicer.controlador.UserPrivateController [http-nio-8080-exec-10] login - UserDTO(id=1, username=Laureano, imagen=null, token=45a57983-519f-4827-b321-85c5246257e6, folders=[FolderDTO(id=1, nombre=TextOrganicer DOC, is_public=false, id_user=1), FolderDTO(id=3, nombre=Editor de textos, is_public=true, id_user=1), FolderDTO(id=4, nombre=Shortcuts, is_public=false, id_user=1), FolderDTO(id=5, nombre=Cancionero, is_public=false, id_user=1)])
25/mar./2023 01:45:50 INFO com.textorganicer.controlador.UserController [http-nio-8080-exec-4] validateToken - UserDTO(id=1, username=Laureano, imagen=null, token=45a57983-519f-4827-b321-85c5246257e6, folders=[FolderDTO(id=1, nombre=TextOrganicer DOC, is_public=false, id_user=1), FolderDTO(id=3, nombre=Editor de textos, is_public=true, id_user=1), FolderDTO(id=4, nombre=Shortcuts, is_public=false, id_user=1), FolderDTO(id=5, nombre=Cancionero, is_public=false, id_user=1)])
25/mar./2023 01:45:50 INFO com.textorganicer.controlador.UserController [http-nio-8080-exec-5] validateToken - UserDTO(id=1, username=Laureano, imagen=null, token=45a57983-519f-4827-b321-85c5246257e6, folders=[FolderDTO(id=1, nombre=TextOrganicer DOC, is_public=false, id_user=1), FolderDTO(id=3, nombre=Editor de textos, is_public=true, id_user=1), FolderDTO(id=4, nombre=Shortcuts, is_public=false, id_user=1), FolderDTO(id=5, nombre=Cancionero, is_public=false, id_user=1)])
25/mar./2023 01:45:50 INFO com.textorganicer.controlador.UserController [http-nio-8080-exec-8] validateToken - UserDTO(id=1, username=Laureano, imagen=null, token=45a57983-519f-4827-b321-85c5246257e6, folders=[FolderDTO(id=1, nombre=TextOrganicer DOC, is_public=false, id_user=1), FolderDTO(id=3, nombre=Editor de textos, is_public=true, id_user=1), FolderDTO(id=4, nombre=Shortcuts, is_public=false, id_user=1), FolderDTO(id=5, nombre=Cancionero, is_public=false, id_user=1)])
25/mar./2023 01:46:03 INFO com.textorganicer.controlador.PageController [http-nio-8080-exec-10] updatePage: 19
25/mar./2023 01:46:03 INFO com.textorganicer.controlador.PageController [http-nio-8080-exec-3] updatePage: 19
25/mar./2023 01:46:03 INFO com.textorganicer.controlador.PageController [http-nio-8080-exec-2] updatePage: 19
25/mar./2023 01:46:03 INFO com.textorganicer.controlador.PageController [http-nio-8080-exec-9] updatePage: 19
25/mar./2023 01:46:11 INFO com.textorganicer.controlador.PageController [http-nio-8080-exec-8] updatePage: 19
25/mar./2023 01:46:40 INFO com.textorganicer.controlador.FolderController [http-nio-8080-exec-2] updateFolder: FolderDTO(id=5, nombre=Cancionero, is_public=true, id_user=1)
25/mar./2023 01:46:51 INFO com.textorganicer.controlador.UserController [http-nio-8080-exec-3] validateToken - UserDTO(id=1, username=Laureano, imagen=null, token=45a57983-519f-4827-b321-85c5246257e6, folders=[FolderDTO(id=1, nombre=TextOrganicer DOC, is_public=false, id_user=1), FolderDTO(id=3, nombre=Editor de textos, is_public=true, id_user=1), FolderDTO(id=4, nombre=Shortcuts, is_public=false, id_user=1), FolderDTO(id=5, nombre=Cancionero, is_public=true, id_user=1)])
25/mar./2023 01:46:51 INFO com.textorganicer.controlador.UserController [http-nio-8080-exec-2] validateToken - UserDTO(id=1, username=Laureano, imagen=null, token=45a57983-519f-4827-b321-85c5246257e6, folders=[FolderDTO(id=1, nombre=TextOrganicer DOC, is_public=false, id_user=1), FolderDTO(id=3, nombre=Editor de textos, is_public=true, id_user=1), FolderDTO(id=4, nombre=Shortcuts, is_public=false, id_user=1), FolderDTO(id=5, nombre=Cancionero, is_public=true, id_user=1)])
25/mar./2023 01:46:51 INFO com.textorganicer.controlador.UserController [http-nio-8080-exec-10] validateToken - UserDTO(id=1, username=Laureano, imagen=null, token=45a57983-519f-4827-b321-85c5246257e6, folders=[FolderDTO(id=1, nombre=TextOrganicer DOC, is_public=false, id_user=1), FolderDTO(id=3, nombre=Editor de textos, is_public=true, id_user=1), FolderDTO(id=4, nombre=Shortcuts, is_public=false, id_user=1), FolderDTO(id=5, nombre=Cancionero, is_public=true, id_user=1)])
25/mar./2023 01:46:59 INFO com.textorganicer.controlador.UserController [http-nio-8080-exec-5] validateToken - UserDTO(id=1, username=Laureano, imagen=null, token=45a57983-519f-4827-b321-85c5246257e6, folders=[FolderDTO(id=1, nombre=TextOrganicer DOC, is_public=false, id_user=1), FolderDTO(id=3, nombre=Editor de textos, is_public=true, id_user=1), FolderDTO(id=4, nombre=Shortcuts, is_public=false, id_user=1), FolderDTO(id=5, nombre=Cancionero, is_public=true, id_user=1)])
25/mar./2023 01:46:59 INFO com.textorganicer.controlador.UserController [http-nio-8080-exec-4] validateToken - UserDTO(id=1, username=Laureano, imagen=null, token=45a57983-519f-4827-b321-85c5246257e6, folders=[FolderDTO(id=1, nombre=TextOrganicer DOC, is_public=false, id_user=1), FolderDTO(id=3, nombre=Editor de textos, is_public=true, id_user=1), FolderDTO(id=4, nombre=Shortcuts, is_public=false, id_user=1), FolderDTO(id=5, nombre=Cancionero, is_public=true, id_user=1)])
25/mar./2023 01:46:59 INFO com.textorganicer.controlador.UserController [http-nio-8080-exec-6] validateToken - UserDTO(id=1, username=Laureano, imagen=null, token=45a57983-519f-4827-b321-85c5246257e6, folders=[FolderDTO(id=1, nombre=TextOrganicer DOC, is_public=false, id_user=1), FolderDTO(id=3, nombre=Editor de textos, is_public=true, id_user=1), FolderDTO(id=4, nombre=Shortcuts, is_public=false, id_user=1), FolderDTO(id=5, nombre=Cancionero, is_public=true, id_user=1)])
25/mar./2023 01:47:51 INFO com.textorganicer.controlador.RoleController [http-nio-8080-exec-6] deleteRole - 13
25/mar./2023 01:48:58 INFO com.textorganicer.controlador.UserController [http-nio-8080-exec-2] postUser - UserPostDTO(id=8, username=TextDemo, imagen=null, token=160c050b-3f02-48e0-968b-7c31b2f2c9fb)
25/mar./2023 01:48:58 INFO com.textorganicer.controlador.UserPrivateController [http-nio-8080-exec-8] postUserPrivate - UserPrivateDTO(id=8, user_id=8, mail=textdemo@mail, password=$2a$10$3keqJrh5wLeGrDKzviizMu3tu6F0iGg15OT8eJF7Zce4byhKKsYfS)
25/mar./2023 01:48:58 INFO com.textorganicer.controlador.UserController [http-nio-8080-exec-7] validateToken - UserDTO(id=8, username=TextDemo, imagen=null, token=160c050b-3f02-48e0-968b-7c31b2f2c9fb, folders=[])
25/mar./2023 01:48:58 INFO com.textorganicer.controlador.UserController [http-nio-8080-exec-1] validateToken - UserDTO(id=8, username=TextDemo, imagen=null, token=160c050b-3f02-48e0-968b-7c31b2f2c9fb, folders=[])
25/mar./2023 01:48:58 INFO com.textorganicer.controlador.UserController [http-nio-8080-exec-3] validateToken - UserDTO(id=8, username=TextDemo, imagen=null, token=160c050b-3f02-48e0-968b-7c31b2f2c9fb, folders=[])
25/mar./2023 01:49:22 INFO com.textorganicer.controlador.FolderController [http-nio-8080-exec-8] newFolder - FolderDTO(id=11, nombre=Rxjs, is_public=false, id_user=8)
25/mar./2023 01:49:22 INFO com.textorganicer.controlador.RoleController [http-nio-8080-exec-4] newRole - RoleDTO(id=14, id_user=8, id_folder=11, role_type=owner)
25/mar./2023 01:49:25 INFO com.textorganicer.controlador.PageController [http-nio-8080-exec-3] newFolder - PageDTO(id=20, page_order=null, titulo=Ingrese un titulo, subtitulo=Ingrese un subtitulo descriptivo del texto, recomendamos que no exceda las 3 lineas, firma=Ingrese un firma, recomendamos nombre y fecha, contenido=Ingrese el contenido, el texto tiene autoguardado por lo cual tenga cuidado al retirarse de la página., id_folder=11)
25/mar./2023 01:49:36 INFO com.textorganicer.controlador.PageController [http-nio-8080-exec-2] updatePage: 20
25/mar./2023 01:49:45 INFO com.textorganicer.controlador.PageController [http-nio-8080-exec-9] updatePage: 20
25/mar./2023 01:49:52 INFO com.textorganicer.controlador.PageController [http-nio-8080-exec-8] updatePage: 20
25/mar./2023 01:49:53 INFO com.textorganicer.controlador.PageController [http-nio-8080-exec-5] updatePage: 20
25/mar./2023 01:49:55 INFO com.textorganicer.controlador.UserController [http-nio-8080-exec-4] validateToken - UserDTO(id=8, username=TextDemo, imagen=null, token=160c050b-3f02-48e0-968b-7c31b2f2c9fb, folders=[FolderDTO(id=11, nombre=Rxjs, is_public=false, id_user=8)])
25/mar./2023 01:49:55 INFO com.textorganicer.controlador.UserController [http-nio-8080-exec-6] validateToken - UserDTO(id=8, username=TextDemo, imagen=null, token=160c050b-3f02-48e0-968b-7c31b2f2c9fb, folders=[FolderDTO(id=11, nombre=Rxjs, is_public=false, id_user=8)])
25/mar./2023 01:49:55 INFO com.textorganicer.controlador.UserController [http-nio-8080-exec-7] validateToken - UserDTO(id=8, username=TextDemo, imagen=null, token=160c050b-3f02-48e0-968b-7c31b2f2c9fb, folders=[FolderDTO(id=11, nombre=Rxjs, is_public=false, id_user=8)])
25/mar./2023 01:50:12 INFO com.textorganicer.controlador.RoleController [http-nio-8080-exec-4] newRole - RoleDTO(id=15, id_user=1, id_folder=11, role_type=collaborator)
25/mar./2023 01:50:23 INFO com.textorganicer.controlador.UserPrivateController [http-nio-8080-exec-6] login - UserDTO(id=1, username=Laureano, imagen=null, token=55ac5763-cc73-407d-ac2f-de9ad30cd985, folders=[FolderDTO(id=1, nombre=TextOrganicer DOC, is_public=false, id_user=1), FolderDTO(id=3, nombre=Editor de textos, is_public=true, id_user=1), FolderDTO(id=4, nombre=Shortcuts, is_public=false, id_user=1), FolderDTO(id=5, nombre=Cancionero, is_public=true, id_user=1)])
25/mar./2023 01:50:23 INFO com.textorganicer.controlador.UserController [http-nio-8080-exec-8] validateToken - UserDTO(id=1, username=Laureano, imagen=null, token=55ac5763-cc73-407d-ac2f-de9ad30cd985, folders=[FolderDTO(id=1, nombre=TextOrganicer DOC, is_public=false, id_user=1), FolderDTO(id=3, nombre=Editor de textos, is_public=true, id_user=1), FolderDTO(id=4, nombre=Shortcuts, is_public=false, id_user=1), FolderDTO(id=5, nombre=Cancionero, is_public=true, id_user=1)])
25/mar./2023 01:50:23 INFO com.textorganicer.controlador.UserController [http-nio-8080-exec-9] validateToken - UserDTO(id=1, username=Laureano, imagen=null, token=55ac5763-cc73-407d-ac2f-de9ad30cd985, folders=[FolderDTO(id=1, nombre=TextOrganicer DOC, is_public=false, id_user=1), FolderDTO(id=3, nombre=Editor de textos, is_public=true, id_user=1), FolderDTO(id=4, nombre=Shortcuts, is_public=false, id_user=1), FolderDTO(id=5, nombre=Cancionero, is_public=true, id_user=1)])
25/mar./2023 01:50:23 INFO com.textorganicer.controlador.UserController [http-nio-8080-exec-2] validateToken - UserDTO(id=1, username=Laureano, imagen=null, token=55ac5763-cc73-407d-ac2f-de9ad30cd985, folders=[FolderDTO(id=1, nombre=TextOrganicer DOC, is_public=false, id_user=1), FolderDTO(id=3, nombre=Editor de textos, is_public=true, id_user=1), FolderDTO(id=4, nombre=Shortcuts, is_public=false, id_user=1), FolderDTO(id=5, nombre=Cancionero, is_public=true, id_user=1)])
25/mar./2023 01:50:39 INFO com.textorganicer.controlador.PageController [http-nio-8080-exec-10] updatePage: 20
25/mar./2023 01:50:39 INFO com.textorganicer.controlador.PageController [http-nio-8080-exec-2] updatePage: 20
25/mar./2023 01:50:46 INFO com.textorganicer.controlador.PageController [http-nio-8080-exec-8] updatePage: 20
25/mar./2023 01:51:09 INFO com.textorganicer.controlador.FolderController [http-nio-8080-exec-4] updateFolder: FolderDTO(id=3, nombre=Editor de textos, is_public=true, id_user=1)
25/mar./2023 01:51:22 INFO com.textorganicer.controlador.UserController [http-nio-8080-exec-2] validateToken - UserDTO(id=1, username=Laureano, imagen=null, token=55ac5763-cc73-407d-ac2f-de9ad30cd985, folders=[FolderDTO(id=1, nombre=TextOrganicer DOC, is_public=false, id_user=1), FolderDTO(id=3, nombre=Editor de textos, is_public=true, id_user=1), FolderDTO(id=4, nombre=Shortcuts, is_public=false, id_user=1), FolderDTO(id=5, nombre=Cancionero, is_public=true, id_user=1)])
25/mar./2023 01:51:22 INFO com.textorganicer.controlador.UserController [http-nio-8080-exec-8] validateToken - UserDTO(id=1, username=Laureano, imagen=null, token=55ac5763-cc73-407d-ac2f-de9ad30cd985, folders=[FolderDTO(id=1, nombre=TextOrganicer DOC, is_public=false, id_user=1), FolderDTO(id=3, nombre=Editor de textos, is_public=true, id_user=1), FolderDTO(id=4, nombre=Shortcuts, is_public=false, id_user=1), FolderDTO(id=5, nombre=Cancionero, is_public=true, id_user=1)])
25/mar./2023 01:51:22 INFO com.textorganicer.controlador.UserController [http-nio-8080-exec-9] validateToken - UserDTO(id=1, username=Laureano, imagen=null, token=55ac5763-cc73-407d-ac2f-de9ad30cd985, folders=[FolderDTO(id=1, nombre=TextOrganicer DOC, is_public=false, id_user=1), FolderDTO(id=3, nombre=Editor de textos, is_public=true, id_user=1), FolderDTO(id=4, nombre=Shortcuts, is_public=false, id_user=1), FolderDTO(id=5, nombre=Cancionero, is_public=true, id_user=1)])
25/mar./2023 01:51:25 INFO com.textorganicer.controlador.UserController [http-nio-8080-exec-7] validateToken - UserDTO(id=1, username=Laureano, imagen=null, token=55ac5763-cc73-407d-ac2f-de9ad30cd985, folders=[FolderDTO(id=1, nombre=TextOrganicer DOC, is_public=false, id_user=1), FolderDTO(id=3, nombre=Editor de textos, is_public=true, id_user=1), FolderDTO(id=4, nombre=Shortcuts, is_public=false, id_user=1), FolderDTO(id=5, nombre=Cancionero, is_public=true, id_user=1)])
25/mar./2023 01:51:25 INFO com.textorganicer.controlador.UserController [http-nio-8080-exec-6] validateToken - UserDTO(id=1, username=Laureano, imagen=null, token=55ac5763-cc73-407d-ac2f-de9ad30cd985, folders=[FolderDTO(id=1, nombre=TextOrganicer DOC, is_public=false, id_user=1), FolderDTO(id=3, nombre=Editor de textos, is_public=true, id_user=1), FolderDTO(id=4, nombre=Shortcuts, is_public=false, id_user=1), FolderDTO(id=5, nombre=Cancionero, is_public=true, id_user=1)])
25/mar./2023 01:51:25 INFO com.textorganicer.controlador.UserController [http-nio-8080-exec-3] validateToken - UserDTO(id=1, username=Laureano, imagen=null, token=55ac5763-cc73-407d-ac2f-de9ad30cd985, folders=[FolderDTO(id=1, nombre=TextOrganicer DOC, is_public=false, id_user=1), FolderDTO(id=3, nombre=Editor de textos, is_public=true, id_user=1), FolderDTO(id=4, nombre=Shortcuts, is_public=false, id_user=1), FolderDTO(id=5, nombre=Cancionero, is_public=true, id_user=1)])
25/mar./2023 01:51:32 INFO com.textorganicer.controlador.UserController [http-nio-8080-exec-9] validateToken - UserDTO(id=1, username=Laureano, imagen=null, token=55ac5763-cc73-407d-ac2f-de9ad30cd985, folders=[FolderDTO(id=1, nombre=TextOrganicer DOC, is_public=false, id_user=1), FolderDTO(id=3, nombre=Editor de textos, is_public=true, id_user=1), FolderDTO(id=4, nombre=Shortcuts, is_public=false, id_user=1), FolderDTO(id=5, nombre=Cancionero, is_public=true, id_user=1)])
25/mar./2023 01:51:32 INFO com.textorganicer.controlador.UserController [http-nio-8080-exec-2] validateToken - UserDTO(id=1, username=Laureano, imagen=null, token=55ac5763-cc73-407d-ac2f-de9ad30cd985, folders=[FolderDTO(id=1, nombre=TextOrganicer DOC, is_public=false, id_user=1), FolderDTO(id=3, nombre=Editor de textos, is_public=true, id_user=1), FolderDTO(id=4, nombre=Shortcuts, is_public=false, id_user=1), FolderDTO(id=5, nombre=Cancionero, is_public=true, id_user=1)])
25/mar./2023 01:51:32 INFO com.textorganicer.controlador.UserController [http-nio-8080-exec-8] validateToken - UserDTO(id=1, username=Laureano, imagen=null, token=55ac5763-cc73-407d-ac2f-de9ad30cd985, folders=[FolderDTO(id=1, nombre=TextOrganicer DOC, is_public=false, id_user=1), FolderDTO(id=3, nombre=Editor de textos, is_public=true, id_user=1), FolderDTO(id=4, nombre=Shortcuts, is_public=false, id_user=1), FolderDTO(id=5, nombre=Cancionero, is_public=true, id_user=1)])
25/mar./2023 05:10:56 WARN com.zaxxer.hikari.pool.HikariPool$HouseKeeper [HikariPool-1 housekeeper] HikariPool-1 - Thread starvation or clock leap detected (housekeeper delta=3h14m57s933ms924µs400ns).
25/mar./2023 05:13:43 INFO org.springframework.test.context.support.AbstractTestContextBootstrapper [main] Neither @ContextConfiguration nor @ContextHierarchy found for test class [com.textorganicer.servicios.UserServiceImplTest], using SpringBootContextLoader
25/mar./2023 05:13:43 INFO org.springframework.test.context.support.AbstractContextLoader [main] Could not detect default resource locations for test class [com.textorganicer.servicios.UserServiceImplTest]: no resource found for suffixes {-context.xml, Context.groovy}.
25/mar./2023 05:13:43 INFO org.springframework.test.context.support.AnnotationConfigContextLoaderUtils [main] Could not detect default configuration classes for test class [com.textorganicer.servicios.UserServiceImplTest]: UserServiceImplTest does not declare any static, non-private, non-final, nested classes annotated with @Configuration.
25/mar./2023 05:13:43 INFO org.springframework.boot.test.context.SpringBootTestContextBootstrapper [main] Found @SpringBootConfiguration com.textorganicer.TextOrganicerAppApplication for test class com.textorganicer.servicios.UserServiceImplTest
25/mar./2023 05:13:43 INFO org.springframework.test.context.support.AbstractTestContextBootstrapper [main] Loaded default TestExecutionListener class names from location [META-INF/spring.factories]: [org.springframework.boot.test.mock.mockito.MockitoTestExecutionListener, org.springframework.boot.test.mock.mockito.ResetMocksTestExecutionListener, org.springframework.boot.test.autoconfigure.restdocs.RestDocsTestExecutionListener, org.springframework.boot.test.autoconfigure.web.client.MockRestServiceServerResetTestExecutionListener, org.springframework.boot.test.autoconfigure.web.servlet.MockMvcPrintOnlyOnFailureTestExecutionListener, org.springframework.boot.test.autoconfigure.web.servlet.WebDriverTestExecutionListener, org.springframework.boot.test.autoconfigure.webservices.client.MockWebServiceServerTestExecutionListener, org.springframework.test.context.web.ServletTestExecutionListener, org.springframework.test.context.support.DirtiesContextBeforeModesTestExecutionListener, org.springframework.test.context.event.ApplicationEventsTestExecutionListener, org.springframework.test.context.support.DependencyInjectionTestExecutionListener, org.springframework.test.context.support.DirtiesContextTestExecutionListener, org.springframework.test.context.transaction.TransactionalTestExecutionListener, org.springframework.test.context.jdbc.SqlScriptsTestExecutionListener, org.springframework.test.context.event.EventPublishingTestExecutionListener]
25/mar./2023 05:13:43 INFO org.springframework.test.context.support.AbstractTestContextBootstrapper [main] Using TestExecutionListeners: [org.springframework.test.context.web.ServletTestExecutionListener@3a4e343, org.springframework.test.context.support.DirtiesContextBeforeModesTestExecutionListener@6a1d204a, org.springframework.test.context.event.ApplicationEventsTestExecutionListener@62dae245, org.springframework.boot.test.mock.mockito.MockitoTestExecutionListener@4b6579e8, org.springframework.boot.test.autoconfigure.SpringBootDependencyInjectionTestExecutionListener@6fff253c, org.springframework.test.context.support.DirtiesContextTestExecutionListener@6c6357f9, org.springframework.test.context.transaction.TransactionalTestExecutionListener@591e58fa, org.springframework.test.context.jdbc.SqlScriptsTestExecutionListener@3954d008, org.springframework.test.context.event.EventPublishingTestExecutionListener@2f94c4db, org.springframework.boot.test.mock.mockito.ResetMocksTestExecutionListener@593e824f, org.springframework.boot.test.autoconfigure.restdocs.RestDocsTestExecutionListener@72ccd81a, org.springframework.boot.test.autoconfigure.web.client.MockRestServiceServerResetTestExecutionListener@6d8792db, org.springframework.boot.test.autoconfigure.web.servlet.MockMvcPrintOnlyOnFailureTestExecutionListener@64bc21ac, org.springframework.boot.test.autoconfigure.web.servlet.WebDriverTestExecutionListener@493dfb8e, org.springframework.boot.test.autoconfigure.webservices.client.MockWebServiceServerTestExecutionListener@5d25e6bb]
25/mar./2023 05:13:43 INFO org.springframework.boot.StartupInfoLogger [main] Starting UserServiceImplTest using Java 11.0.18 on NBOOT36 with PID 24372 (started by lmarenco in C:\Users\lmarenco\text-organicer-app)
25/mar./2023 05:13:43 INFO org.springframework.boot.SpringApplication [main] No active profile set, falling back to 1 default profile: "default"
25/mar./2023 05:13:43 INFO org.hibernate.validator.internal.util.Version [background-preinit] HV000001: Hibernate Validator 6.2.5.Final
25/mar./2023 05:13:44 INFO org.springframework.data.repository.config.RepositoryConfigurationDelegate [main] Bootstrapping Spring Data JPA repositories in DEFAULT mode.
25/mar./2023 05:13:44 INFO org.springframework.data.repository.config.RepositoryConfigurationDelegate [main] Finished Spring Data repository scanning in 75 ms. Found 5 JPA repository interfaces.
25/mar./2023 05:13:45 INFO org.hibernate.jpa.internal.util.LogHelper [main] HHH000204: Processing PersistenceUnitInfo [name: default]
25/mar./2023 05:13:45 INFO org.hibernate.Version [main] HHH000412: Hibernate ORM core version 5.6.15.Final
25/mar./2023 05:13:45 INFO org.hibernate.annotations.common.reflection.java.JavaReflectionManager [main] HCANN000001: Hibernate Commons Annotations {5.1.2.Final}
25/mar./2023 05:13:45 INFO com.zaxxer.hikari.HikariDataSource [main] HikariPool-1 - Starting...
25/mar./2023 05:13:46 INFO com.zaxxer.hikari.HikariDataSource [main] HikariPool-1 - Start completed.
25/mar./2023 05:13:46 INFO org.hibernate.dialect.Dialect [main] HHH000400: Using dialect: org.hibernate.dialect.H2Dialect
25/mar./2023 05:13:46 INFO org.hibernate.engine.transaction.jta.platform.internal.JtaPlatformInitiator [main] HHH000490: Using JtaPlatform implementation: [org.hibernate.engine.transaction.jta.platform.internal.NoJtaPlatform]
25/mar./2023 05:13:46 INFO org.springframework.orm.jpa.AbstractEntityManagerFactoryBean [main] Initialized JPA EntityManagerFactory for persistence unit 'default'
25/mar./2023 05:13:47 INFO org.springframework.mock.web.MockServletContext [main] Initializing Spring TestDispatcherServlet ''
25/mar./2023 05:13:47 INFO org.springframework.web.servlet.FrameworkServlet [main] Initializing Servlet ''
25/mar./2023 05:13:47 WARN org.springframework.boot.autoconfigure.orm.jpa.JpaBaseConfiguration$JpaWebConfiguration [main] spring.jpa.open-in-view is enabled by default. Therefore, database queries may be performed during view rendering. Explicitly configure spring.jpa.open-in-view to disable this warning
25/mar./2023 05:13:47 INFO org.springframework.boot.autoconfigure.h2.H2ConsoleAutoConfiguration [main] H2 console available at '/h2-console'. Database available at 'jdbc:h2:mem:testdb'
25/mar./2023 05:13:47 INFO org.springframework.web.servlet.FrameworkServlet [main] Completed initialization in 568 ms
25/mar./2023 05:13:48 INFO org.springframework.boot.StartupInfoLogger [main] Started UserServiceImplTest in 5.598 seconds (JVM running for 8.183)
25/mar./2023 05:13:49 INFO org.springframework.orm.jpa.AbstractEntityManagerFactoryBean [SpringApplicationShutdownHook] Closing JPA EntityManagerFactory for persistence unit 'default'
25/mar./2023 05:13:49 INFO com.zaxxer.hikari.HikariDataSource [SpringApplicationShutdownHook] HikariPool-1 - Shutdown initiated...
25/mar./2023 05:13:49 INFO com.zaxxer.hikari.HikariDataSource [SpringApplicationShutdownHook] HikariPool-1 - Shutdown completed.
25/mar./2023 05:19:41 ERROR com.textorganicer.controlador.UserController [http-nio-8080-exec-8] postUser - El username ya existe
25/mar./2023 05:22:49 ERROR com.textorganicer.controlador.UserController [http-nio-8080-exec-5] postUser - El username ya existe
25/mar./2023 05:23:03 ERROR com.textorganicer.controlador.UserController [http-nio-8080-exec-4] postUser - El username ya existe
25/mar./2023 05:24:23 ERROR com.textorganicer.controlador.UserController [http-nio-8080-exec-7] postUser - El username ya existe
25/mar./2023 05:24:37 INFO com.textorganicer.controlador.UserController [http-nio-8080-exec-3] postUser - UserPostDTO(id=9, username=ddddddddd, imagen=null, token=0069286a-240b-4b13-83aa-3f58f228a5b5)
25/mar./2023 05:24:37 ERROR com.textorganicer.controlador.UserPrivateController [http-nio-8080-exec-1] postUserPrivate - Ya existe un usuario con ese mail
25/mar./2023 05:32:05 INFO com.textorganicer.controlador.UserPrivateController [http-nio-8080-exec-9] login - UserDTO(id=1, username=Laureano, imagen=null, token=28f0a300-de64-47e8-b366-de71a97ea277, folders=[FolderDTO(id=1, nombre=TextOrganicer DOC, is_public=false, id_user=1), FolderDTO(id=3, nombre=Editor de textos, is_public=true, id_user=1), FolderDTO(id=4, nombre=Shortcuts, is_public=false, id_user=1), FolderDTO(id=5, nombre=Cancionero, is_public=true, id_user=1)])
25/mar./2023 05:32:05 INFO com.textorganicer.controlador.UserController [http-nio-8080-exec-4] validateToken - UserDTO(id=1, username=Laureano, imagen=null, token=28f0a300-de64-47e8-b366-de71a97ea277, folders=[FolderDTO(id=1, nombre=TextOrganicer DOC, is_public=false, id_user=1), FolderDTO(id=3, nombre=Editor de textos, is_public=true, id_user=1), FolderDTO(id=4, nombre=Shortcuts, is_public=false, id_user=1), FolderDTO(id=5, nombre=Cancionero, is_public=true, id_user=1)])
25/mar./2023 05:32:05 INFO com.textorganicer.controlador.UserController [http-nio-8080-exec-7] validateToken - UserDTO(id=1, username=Laureano, imagen=null, token=28f0a300-de64-47e8-b366-de71a97ea277, folders=[FolderDTO(id=1, nombre=TextOrganicer DOC, is_public=false, id_user=1), FolderDTO(id=3, nombre=Editor de textos, is_public=true, id_user=1), FolderDTO(id=4, nombre=Shortcuts, is_public=false, id_user=1), FolderDTO(id=5, nombre=Cancionero, is_public=true, id_user=1)])
25/mar./2023 05:32:05 INFO com.textorganicer.controlador.UserController [http-nio-8080-exec-5] validateToken - UserDTO(id=1, username=Laureano, imagen=null, token=28f0a300-de64-47e8-b366-de71a97ea277, folders=[FolderDTO(id=1, nombre=TextOrganicer DOC, is_public=false, id_user=1), FolderDTO(id=3, nombre=Editor de textos, is_public=true, id_user=1), FolderDTO(id=4, nombre=Shortcuts, is_public=false, id_user=1), FolderDTO(id=5, nombre=Cancionero, is_public=true, id_user=1)])
