11/abr./2023 11:19:15 INFO org.hibernate.validator.internal.util.Version [background-preinit] HV000001: Hibernate Validator 6.2.5.Final
11/abr./2023 11:19:15 INFO org.springframework.boot.StartupInfoLogger [main] Starting TextOrganicerAppApplication using Java 11.0.18 on NBOOT36 with PID 5724 (C:\Users\lmarenco\text-organicer-app\target\classes started by lmarenco in C:\Users\lmarenco\text-organicer-app)
11/abr./2023 11:19:15 INFO org.springframework.boot.SpringApplication [main] No active profile set, falling back to 1 default profile: "default"
11/abr./2023 11:19:16 INFO org.springframework.data.repository.config.RepositoryConfigurationDelegate [main] Bootstrapping Spring Data JPA repositories in DEFAULT mode.
11/abr./2023 11:19:16 INFO org.springframework.data.repository.config.RepositoryConfigurationDelegate [main] Finished Spring Data repository scanning in 83 ms. Found 5 JPA repository interfaces.
11/abr./2023 11:19:16 INFO org.springframework.boot.web.embedded.tomcat.TomcatWebServer [main] Tomcat initialized with port(s): 8080 (http)
11/abr./2023 11:19:16 INFO org.apache.juli.logging.DirectJDKLog [main] Initializing ProtocolHandler ["http-nio-8080"]
11/abr./2023 11:19:16 INFO org.apache.juli.logging.DirectJDKLog [main] Starting service [Tomcat]
11/abr./2023 11:19:16 INFO org.apache.juli.logging.DirectJDKLog [main] Starting Servlet engine: [Apache Tomcat/9.0.71]
11/abr./2023 11:19:16 INFO org.apache.juli.logging.DirectJDKLog [main] Initializing Spring embedded WebApplicationContext
11/abr./2023 11:19:16 INFO org.springframework.boot.web.servlet.context.ServletWebServerApplicationContext [main] Root WebApplicationContext: initialization completed in 1671 ms
11/abr./2023 11:19:17 INFO org.hibernate.jpa.internal.util.LogHelper [main] HHH000204: Processing PersistenceUnitInfo [name: default]
11/abr./2023 11:19:17 INFO org.hibernate.Version [main] HHH000412: Hibernate ORM core version 5.6.15.Final
11/abr./2023 11:19:17 INFO org.hibernate.annotations.common.reflection.java.JavaReflectionManager [main] HCANN000001: Hibernate Commons Annotations {5.1.2.Final}
11/abr./2023 11:19:17 INFO com.zaxxer.hikari.HikariDataSource [main] HikariPool-1 - Starting...
11/abr./2023 11:19:17 INFO com.zaxxer.hikari.HikariDataSource [main] HikariPool-1 - Start completed.
11/abr./2023 11:19:17 INFO org.hibernate.dialect.Dialect [main] HHH000400: Using dialect: org.hibernate.dialect.MySQL55Dialect
11/abr./2023 11:19:19 INFO org.hibernate.engine.transaction.jta.platform.internal.JtaPlatformInitiator [main] HHH000490: Using JtaPlatform implementation: [org.hibernate.engine.transaction.jta.platform.internal.NoJtaPlatform]
11/abr./2023 11:19:19 INFO org.springframework.orm.jpa.AbstractEntityManagerFactoryBean [main] Initialized JPA EntityManagerFactory for persistence unit 'default'
11/abr./2023 11:19:19 WARN org.springframework.boot.autoconfigure.orm.jpa.JpaBaseConfiguration$JpaWebConfiguration [main] spring.jpa.open-in-view is enabled by default. Therefore, database queries may be performed during view rendering. Explicitly configure spring.jpa.open-in-view to disable this warning
11/abr./2023 11:19:20 INFO org.springframework.boot.web.embedded.tomcat.TomcatWebServer [main] Tomcat started on port(s): 8080 (http) with context path ''
11/abr./2023 11:19:20 INFO org.springframework.boot.StartupInfoLogger [main] Started TextOrganicerAppApplication in 5.857 seconds (JVM running for 7.336)
11/abr./2023 11:19:20 INFO org.springframework.orm.jpa.AbstractEntityManagerFactoryBean [SpringApplicationShutdownHook] Closing JPA EntityManagerFactory for persistence unit 'default'
11/abr./2023 11:19:20 INFO com.zaxxer.hikari.HikariDataSource [SpringApplicationShutdownHook] HikariPool-1 - Shutdown initiated...
11/abr./2023 11:19:20 INFO com.zaxxer.hikari.HikariDataSource [SpringApplicationShutdownHook] HikariPool-1 - Shutdown completed.
11/abr./2023 11:19:27 INFO org.hibernate.validator.internal.util.Version [background-preinit] HV000001: Hibernate Validator 6.2.5.Final
11/abr./2023 11:19:27 INFO org.springframework.boot.StartupInfoLogger [main] Starting TextOrganicerAppApplication using Java 11.0.18 on NBOOT36 with PID 26176 (C:\Users\lmarenco\text-organicer-app\target\classes started by lmarenco in C:\Users\lmarenco\text-organicer-app)
11/abr./2023 11:19:27 INFO org.springframework.boot.SpringApplication [main] No active profile set, falling back to 1 default profile: "default"
11/abr./2023 11:19:27 INFO org.springframework.data.repository.config.RepositoryConfigurationDelegate [main] Bootstrapping Spring Data JPA repositories in DEFAULT mode.
11/abr./2023 11:19:27 INFO org.springframework.data.repository.config.RepositoryConfigurationDelegate [main] Finished Spring Data repository scanning in 50 ms. Found 5 JPA repository interfaces.
11/abr./2023 11:19:28 INFO org.springframework.boot.web.embedded.tomcat.TomcatWebServer [main] Tomcat initialized with port(s): 8080 (http)
11/abr./2023 11:19:28 INFO org.apache.juli.logging.DirectJDKLog [main] Initializing ProtocolHandler ["http-nio-8080"]
11/abr./2023 11:19:28 INFO org.apache.juli.logging.DirectJDKLog [main] Starting service [Tomcat]
11/abr./2023 11:19:28 INFO org.apache.juli.logging.DirectJDKLog [main] Starting Servlet engine: [Apache Tomcat/9.0.71]
11/abr./2023 11:19:28 INFO org.apache.juli.logging.DirectJDKLog [main] Initializing Spring embedded WebApplicationContext
11/abr./2023 11:19:28 INFO org.springframework.boot.web.servlet.context.ServletWebServerApplicationContext [main] Root WebApplicationContext: initialization completed in 1158 ms
11/abr./2023 11:19:28 INFO org.hibernate.jpa.internal.util.LogHelper [main] HHH000204: Processing PersistenceUnitInfo [name: default]
11/abr./2023 11:19:28 INFO org.hibernate.Version [main] HHH000412: Hibernate ORM core version 5.6.15.Final
11/abr./2023 11:19:28 INFO org.hibernate.annotations.common.reflection.java.JavaReflectionManager [main] HCANN000001: Hibernate Commons Annotations {5.1.2.Final}
11/abr./2023 11:19:28 INFO com.zaxxer.hikari.HikariDataSource [main] HikariPool-1 - Starting...
11/abr./2023 11:19:28 INFO com.zaxxer.hikari.HikariDataSource [main] HikariPool-1 - Start completed.
11/abr./2023 11:19:28 INFO org.hibernate.dialect.Dialect [main] HHH000400: Using dialect: org.hibernate.dialect.MySQL55Dialect
11/abr./2023 11:19:29 INFO org.hibernate.engine.transaction.jta.platform.internal.JtaPlatformInitiator [main] HHH000490: Using JtaPlatform implementation: [org.hibernate.engine.transaction.jta.platform.internal.NoJtaPlatform]
11/abr./2023 11:19:29 INFO org.springframework.orm.jpa.AbstractEntityManagerFactoryBean [main] Initialized JPA EntityManagerFactory for persistence unit 'default'
11/abr./2023 11:19:29 WARN org.springframework.boot.autoconfigure.orm.jpa.JpaBaseConfiguration$JpaWebConfiguration [main] spring.jpa.open-in-view is enabled by default. Therefore, database queries may be performed during view rendering. Explicitly configure spring.jpa.open-in-view to disable this warning
11/abr./2023 11:19:29 INFO org.apache.juli.logging.DirectJDKLog [main] Starting ProtocolHandler ["http-nio-8080"]
11/abr./2023 11:19:29 INFO org.springframework.boot.web.embedded.tomcat.TomcatWebServer [main] Tomcat started on port(s): 8080 (http) with context path ''
11/abr./2023 11:19:30 INFO org.springframework.boot.StartupInfoLogger [main] Started TextOrganicerAppApplication in 3.273 seconds (JVM running for 4.178)
11/abr./2023 11:48:15 WARN com.zaxxer.hikari.pool.HikariPool$HouseKeeper [HikariPool-1 housekeeper] HikariPool-1 - Thread starvation or clock leap detected (housekeeper delta=2m16s853ms49µs600ns).
11/abr./2023 12:20:50 INFO org.springframework.orm.jpa.AbstractEntityManagerFactoryBean [SpringApplicationShutdownHook] Closing JPA EntityManagerFactory for persistence unit 'default'
11/abr./2023 12:20:50 INFO com.zaxxer.hikari.HikariDataSource [SpringApplicationShutdownHook] HikariPool-1 - Shutdown initiated...
11/abr./2023 12:20:50 INFO com.zaxxer.hikari.HikariDataSource [SpringApplicationShutdownHook] HikariPool-1 - Shutdown completed.
11/abr./2023 12:22:38 INFO org.springframework.boot.StartupInfoLogger [main] Starting TextOrganicerAppApplication using Java 11.0.18 on NBOOT36 with PID 19292 (C:\Users\lmarenco\text-organicer-app\target\classes started by lmarenco in C:\Users\lmarenco\text-organicer-app)
11/abr./2023 12:22:38 INFO org.hibernate.validator.internal.util.Version [background-preinit] HV000001: Hibernate Validator 6.2.5.Final
11/abr./2023 12:22:38 INFO org.springframework.boot.SpringApplication [main] No active profile set, falling back to 1 default profile: "default"
11/abr./2023 12:22:39 INFO org.springframework.data.repository.config.RepositoryConfigurationDelegate [main] Bootstrapping Spring Data JPA repositories in DEFAULT mode.
11/abr./2023 12:22:39 INFO org.springframework.data.repository.config.RepositoryConfigurationDelegate [main] Finished Spring Data repository scanning in 53 ms. Found 5 JPA repository interfaces.
11/abr./2023 12:22:39 INFO org.springframework.boot.web.embedded.tomcat.TomcatWebServer [main] Tomcat initialized with port(s): 8080 (http)
11/abr./2023 12:22:39 INFO org.apache.juli.logging.DirectJDKLog [main] Initializing ProtocolHandler ["http-nio-8080"]
11/abr./2023 12:22:39 INFO org.apache.juli.logging.DirectJDKLog [main] Starting service [Tomcat]
11/abr./2023 12:22:39 INFO org.apache.juli.logging.DirectJDKLog [main] Starting Servlet engine: [Apache Tomcat/9.0.71]
11/abr./2023 12:22:39 INFO org.apache.juli.logging.DirectJDKLog [main] Initializing Spring embedded WebApplicationContext
11/abr./2023 12:22:39 INFO org.springframework.boot.web.servlet.context.ServletWebServerApplicationContext [main] Root WebApplicationContext: initialization completed in 1112 ms
11/abr./2023 12:22:39 INFO org.hibernate.jpa.internal.util.LogHelper [main] HHH000204: Processing PersistenceUnitInfo [name: default]
11/abr./2023 12:22:39 INFO org.hibernate.Version [main] HHH000412: Hibernate ORM core version 5.6.15.Final
11/abr./2023 12:22:39 INFO org.hibernate.annotations.common.reflection.java.JavaReflectionManager [main] HCANN000001: Hibernate Commons Annotations {5.1.2.Final}
11/abr./2023 12:22:39 INFO com.zaxxer.hikari.HikariDataSource [main] HikariPool-1 - Starting...
11/abr./2023 12:22:39 INFO com.zaxxer.hikari.HikariDataSource [main] HikariPool-1 - Start completed.
11/abr./2023 12:22:39 INFO org.hibernate.dialect.Dialect [main] HHH000400: Using dialect: org.hibernate.dialect.MySQL55Dialect
11/abr./2023 12:22:40 INFO org.hibernate.engine.transaction.jta.platform.internal.JtaPlatformInitiator [main] HHH000490: Using JtaPlatform implementation: [org.hibernate.engine.transaction.jta.platform.internal.NoJtaPlatform]
11/abr./2023 12:22:40 INFO org.springframework.orm.jpa.AbstractEntityManagerFactoryBean [main] Initialized JPA EntityManagerFactory for persistence unit 'default'
11/abr./2023 12:22:40 WARN org.springframework.boot.autoconfigure.orm.jpa.JpaBaseConfiguration$JpaWebConfiguration [main] spring.jpa.open-in-view is enabled by default. Therefore, database queries may be performed during view rendering. Explicitly configure spring.jpa.open-in-view to disable this warning
11/abr./2023 12:22:41 INFO org.apache.juli.logging.DirectJDKLog [main] Starting ProtocolHandler ["http-nio-8080"]
11/abr./2023 12:22:41 INFO org.springframework.boot.web.embedded.tomcat.TomcatWebServer [main] Tomcat started on port(s): 8080 (http) with context path ''
11/abr./2023 12:22:41 INFO org.springframework.boot.StartupInfoLogger [main] Started TextOrganicerAppApplication in 3.181 seconds (JVM running for 4.177)
11/abr./2023 02:13:40 WARN com.zaxxer.hikari.pool.HikariPool$HouseKeeper [HikariPool-1 housekeeper] HikariPool-1 - Thread starvation or clock leap detected (housekeeper delta=6m28s352ms905µs).
11/abr./2023 04:51:55 INFO org.springframework.orm.jpa.AbstractEntityManagerFactoryBean [SpringApplicationShutdownHook] Closing JPA EntityManagerFactory for persistence unit 'default'
11/abr./2023 04:51:55 INFO com.zaxxer.hikari.HikariDataSource [SpringApplicationShutdownHook] HikariPool-1 - Shutdown initiated...
11/abr./2023 04:51:55 INFO com.zaxxer.hikari.HikariDataSource [SpringApplicationShutdownHook] HikariPool-1 - Shutdown completed.
